{"/home/runner/work/claude-fastmail-connector/claude-fastmail-connector/src/server.ts": {"path":"/home/runner/work/claude-fastmail-connector/claude-fastmail-connector/src/server.ts","statementMap":{"0":{"start":{"line":12,"column":19},"end":{"line":12,"column":null}},"1":{"start":{"line":13,"column":2},"end":{"line":17,"column":null}},"2":{"start":{"line":14,"column":4},"end":{"line":17,"column":null}},"3":{"start":{"line":20,"column":17},"end":{"line":20,"column":45}},"4":{"start":{"line":22,"column":17},"end":{"line":25,"column":4}},"5":{"start":{"line":27,"column":2},"end":{"line":27,"column":null}},"6":{"start":{"line":28,"column":2},"end":{"line":28,"column":null}},"7":{"start":{"line":29,"column":2},"end":{"line":29,"column":null}},"8":{"start":{"line":30,"column":2},"end":{"line":30,"column":null}},"9":{"start":{"line":31,"column":2},"end":{"line":31,"column":null}},"10":{"start":{"line":32,"column":2},"end":{"line":32,"column":null}},"11":{"start":{"line":33,"column":2},"end":{"line":33,"column":null}},"12":{"start":{"line":35,"column":2},"end":{"line":35,"column":null}}},"fnMap":{"0":{"name":"createServer","decl":{"start":{"line":11,"column":16},"end":{"line":11,"column":42}},"loc":{"start":{"line":11,"column":42},"end":{"line":35,"column":null}},"line":11}},"branchMap":{"0":{"loc":{"start":{"line":13,"column":2},"end":{"line":17,"column":null}},"type":"if","locations":[{"start":{"line":13,"column":2},"end":{"line":17,"column":null}},{"start":{},"end":{}}],"line":13}},"s":{"0":3,"1":3,"2":2,"3":1,"4":1,"5":1,"6":1,"7":1,"8":1,"9":1,"10":1,"11":1,"12":1},"f":{"0":3},"b":{"0":[2,1]},"meta":{"lastBranch":1,"lastFunction":1,"lastStatement":13,"seen":{"f:11:16:11:42":0,"s:12:19:12:Infinity":0,"b:13:2:17:Infinity:undefined:undefined:undefined:undefined":0,"s:13:2:17:Infinity":1,"s:14:4:17:Infinity":2,"s:20:17:20:45":3,"s:22:17:25:4":4,"s:27:2:27:Infinity":5,"s:28:2:28:Infinity":6,"s:29:2:29:Infinity":7,"s:30:2:30:Infinity":8,"s:31:2:31:Infinity":9,"s:32:2:32:Infinity":10,"s:33:2:33:Infinity":11,"s:35:2:35:Infinity":12}}}
,"/home/runner/work/claude-fastmail-connector/claude-fastmail-connector/src/jmap/client.ts": {"path":"/home/runner/work/claude-fastmail-connector/claude-fastmail-connector/src/jmap/client.ts","statementMap":{"0":{"start":{"line":13,"column":40},"end":{"line":13,"column":null}},"1":{"start":{"line":14,"column":37},"end":{"line":14,"column":null}},"2":{"start":{"line":17,"column":4},"end":{"line":17,"column":null}},"3":{"start":{"line":18,"column":4},"end":{"line":18,"column":null}},"4":{"start":{"line":22,"column":4},"end":{"line":25,"column":null}},"5":{"start":{"line":29,"column":4},"end":{"line":30,"column":null}},"6":{"start":{"line":30,"column":6},"end":{"line":30,"column":null}},"7":{"start":{"line":33,"column":21},"end":{"line":36,"column":6}},"8":{"start":{"line":38,"column":4},"end":{"line":41,"column":null}},"9":{"start":{"line":39,"column":6},"end":{"line":41,"column":null}},"10":{"start":{"line":44,"column":4},"end":{"line":47,"column":null}},"11":{"start":{"line":45,"column":6},"end":{"line":47,"column":null}},"12":{"start":{"line":50,"column":4},"end":{"line":50,"column":null}},"13":{"start":{"line":53,"column":6},"end":{"line":53,"column":null}},"14":{"start":{"line":54,"column":4},"end":{"line":57,"column":null}},"15":{"start":{"line":55,"column":6},"end":{"line":57,"column":null}},"16":{"start":{"line":60,"column":4},"end":{"line":60,"column":null}},"17":{"start":{"line":61,"column":4},"end":{"line":61,"column":null}},"18":{"start":{"line":65,"column":4},"end":{"line":66,"column":null}},"19":{"start":{"line":66,"column":6},"end":{"line":66,"column":null}},"20":{"start":{"line":68,"column":4},"end":{"line":68,"column":null}},"21":{"start":{"line":75,"column":20},"end":{"line":75,"column":43}},"22":{"start":{"line":76,"column":22},"end":{"line":76,"column":47}},"23":{"start":{"line":77,"column":20},"end":{"line":78,"column":null}},"24":{"start":{"line":78,"column":16},"end":{"line":78,"column":null}},"25":{"start":{"line":80,"column":4},"end":{"line":80,"column":null}},"26":{"start":{"line":80,"column":18},"end":{"line":80,"column":null}},"27":{"start":{"line":81,"column":23},"end":{"line":81,"column":null}},"28":{"start":{"line":82,"column":25},"end":{"line":82,"column":null}},"29":{"start":{"line":85,"column":4},"end":{"line":85,"column":null}},"30":{"start":{"line":85,"column":52},"end":{"line":85,"column":null}},"31":{"start":{"line":87,"column":25},"end":{"line":88,"column":null}},"32":{"start":{"line":89,"column":4},"end":{"line":89,"column":null}},"33":{"start":{"line":97,"column":4},"end":{"line":98,"column":null}},"34":{"start":{"line":98,"column":6},"end":{"line":98,"column":null}},"35":{"start":{"line":100,"column":4},"end":{"line":101,"column":null}},"36":{"start":{"line":101,"column":6},"end":{"line":101,"column":null}},"37":{"start":{"line":103,"column":4},"end":{"line":103,"column":null}},"38":{"start":{"line":111,"column":4},"end":{"line":112,"column":null}},"39":{"start":{"line":112,"column":6},"end":{"line":112,"column":null}},"40":{"start":{"line":114,"column":4},"end":{"line":115,"column":null}},"41":{"start":{"line":115,"column":6},"end":{"line":115,"column":null}},"42":{"start":{"line":117,"column":4},"end":{"line":117,"column":null}},"43":{"start":{"line":124,"column":20},"end":{"line":124,"column":43}},"44":{"start":{"line":126,"column":30},"end":{"line":133,"column":null}},"45":{"start":{"line":136,"column":4},"end":{"line":145,"column":null}},"46":{"start":{"line":137,"column":6},"end":{"line":141,"column":null}},"47":{"start":{"line":143,"column":6},"end":{"line":145,"column":null}},"48":{"start":{"line":148,"column":4},"end":{"line":153,"column":null}},"49":{"start":{"line":149,"column":6},"end":{"line":149,"column":null}},"50":{"start":{"line":150,"column":6},"end":{"line":150,"column":null}},"51":{"start":{"line":151,"column":6},"end":{"line":153,"column":null}},"52":{"start":{"line":156,"column":4},"end":{"line":159,"column":null}},"53":{"start":{"line":157,"column":6},"end":{"line":159,"column":null}},"54":{"start":{"line":162,"column":20},"end":{"line":162,"column":41}},"55":{"start":{"line":165,"column":4},"end":{"line":166,"column":null}},"56":{"start":{"line":166,"column":6},"end":{"line":166,"column":null}},"57":{"start":{"line":170,"column":4},"end":{"line":176,"column":null}},"58":{"start":{"line":171,"column":6},"end":{"line":176,"column":null}},"59":{"start":{"line":172,"column":26},"end":{"line":172,"column":null}},"60":{"start":{"line":173,"column":28},"end":{"line":173,"column":null}},"61":{"start":{"line":174,"column":8},"end":{"line":176,"column":null}},"62":{"start":{"line":180,"column":4},"end":{"line":180,"column":null}}},"fnMap":{"0":{"name":"(anonymous_0)","decl":{"start":{"line":16,"column":2},"end":{"line":16,"column":14}},"loc":{"start":{"line":16,"column":66},"end":{"line":18,"column":null}},"line":16},"1":{"name":"(anonymous_1)","decl":{"start":{"line":21,"column":14},"end":{"line":21,"column":52}},"loc":{"start":{"line":21,"column":52},"end":{"line":25,"column":null}},"line":21},"2":{"name":"(anonymous_2)","decl":{"start":{"line":28,"column":8},"end":{"line":28,"column":43}},"loc":{"start":{"line":28,"column":43},"end":{"line":61,"column":null}},"line":28},"3":{"name":"(anonymous_3)","decl":{"start":{"line":64,"column":8},"end":{"line":64,"column":40}},"loc":{"start":{"line":64,"column":40},"end":{"line":68,"column":null}},"line":64},"4":{"name":"(anonymous_4)","decl":{"start":{"line":74,"column":8},"end":{"line":74,"column":22}},"loc":{"start":{"line":74,"column":60},"end":{"line":89,"column":null}},"line":74},"5":{"name":"(anonymous_5)","decl":{"start":{"line":77,"column":59},"end":{"line":77,"column":null}},"loc":{"start":{"line":78,"column":16},"end":{"line":78,"column":null}},"line":78},"6":{"name":"(anonymous_6)","decl":{"start":{"line":96,"column":8},"end":{"line":96,"column":56}},"loc":{"start":{"line":96,"column":56},"end":{"line":103,"column":null}},"line":96},"7":{"name":"(anonymous_7)","decl":{"start":{"line":110,"column":8},"end":{"line":110,"column":56}},"loc":{"start":{"line":110,"column":56},"end":{"line":117,"column":null}},"line":110},"8":{"name":"(anonymous_8)","decl":{"start":{"line":120,"column":8},"end":{"line":120,"column":null}},"loc":{"start":{"line":123,"column":27},"end":{"line":180,"column":null}},"line":123}},"branchMap":{"0":{"loc":{"start":{"line":18,"column":22},"end":{"line":18,"column":null}},"type":"binary-expr","locations":[{"start":{"line":18,"column":22},"end":{"line":18,"column":44}},{"start":{"line":18,"column":44},"end":{"line":18,"column":null}}],"line":18},"1":{"loc":{"start":{"line":29,"column":4},"end":{"line":30,"column":null}},"type":"if","locations":[{"start":{"line":29,"column":4},"end":{"line":30,"column":null}},{"start":{},"end":{}}],"line":29},"2":{"loc":{"start":{"line":38,"column":4},"end":{"line":41,"column":null}},"type":"if","locations":[{"start":{"line":38,"column":4},"end":{"line":41,"column":null}},{"start":{},"end":{}}],"line":38},"3":{"loc":{"start":{"line":44,"column":4},"end":{"line":47,"column":null}},"type":"if","locations":[{"start":{"line":44,"column":4},"end":{"line":47,"column":null}},{"start":{},"end":{}}],"line":44},"4":{"loc":{"start":{"line":54,"column":4},"end":{"line":57,"column":null}},"type":"if","locations":[{"start":{"line":54,"column":4},"end":{"line":57,"column":null}},{"start":{},"end":{}}],"line":54},"5":{"loc":{"start":{"line":65,"column":4},"end":{"line":66,"column":null}},"type":"if","locations":[{"start":{"line":65,"column":4},"end":{"line":66,"column":null}},{"start":{},"end":{}}],"line":65},"6":{"loc":{"start":{"line":77,"column":35},"end":{"line":77,"column":57}},"type":"binary-expr","locations":[{"start":{"line":77,"column":35},"end":{"line":77,"column":55}},{"start":{"line":77,"column":55},"end":{"line":77,"column":57}}],"line":77},"7":{"loc":{"start":{"line":80,"column":4},"end":{"line":80,"column":null}},"type":"if","locations":[{"start":{"line":80,"column":4},"end":{"line":80,"column":null}},{"start":{},"end":{}}],"line":80},"8":{"loc":{"start":{"line":85,"column":4},"end":{"line":85,"column":null}},"type":"if","locations":[{"start":{"line":85,"column":4},"end":{"line":85,"column":null}},{"start":{},"end":{}}],"line":85},"9":{"loc":{"start":{"line":85,"column":8},"end":{"line":85,"column":52}},"type":"binary-expr","locations":[{"start":{"line":85,"column":8},"end":{"line":85,"column":24}},{"start":{"line":85,"column":24},"end":{"line":85,"column":52}}],"line":85},"10":{"loc":{"start":{"line":89,"column":14},"end":{"line":89,"column":null}},"type":"binary-expr","locations":[{"start":{"line":89,"column":14},"end":{"line":89,"column":29}},{"start":{"line":89,"column":29},"end":{"line":89,"column":null}}],"line":89},"11":{"loc":{"start":{"line":97,"column":4},"end":{"line":98,"column":null}},"type":"if","locations":[{"start":{"line":97,"column":4},"end":{"line":98,"column":null}},{"start":{},"end":{}}],"line":97},"12":{"loc":{"start":{"line":100,"column":4},"end":{"line":101,"column":null}},"type":"if","locations":[{"start":{"line":100,"column":4},"end":{"line":101,"column":null}},{"start":{},"end":{}}],"line":100},"13":{"loc":{"start":{"line":111,"column":4},"end":{"line":112,"column":null}},"type":"if","locations":[{"start":{"line":111,"column":4},"end":{"line":112,"column":null}},{"start":{},"end":{}}],"line":111},"14":{"loc":{"start":{"line":114,"column":4},"end":{"line":115,"column":null}},"type":"if","locations":[{"start":{"line":114,"column":4},"end":{"line":115,"column":null}},{"start":{},"end":{}}],"line":114},"15":{"loc":{"start":{"line":127,"column":13},"end":{"line":131,"column":null}},"type":"binary-expr","locations":[{"start":{"line":127,"column":13},"end":{"line":127,"column":22}},{"start":{"line":127,"column":22},"end":{"line":131,"column":null}}],"line":127},"16":{"loc":{"start":{"line":144,"column":49},"end":{"line":144,"column":97}},"type":"cond-expr","locations":[{"start":{"line":144,"column":72},"end":{"line":144,"column":86}},{"start":{"line":144,"column":86},"end":{"line":144,"column":97}}],"line":144},"17":{"loc":{"start":{"line":148,"column":4},"end":{"line":153,"column":null}},"type":"if","locations":[{"start":{"line":148,"column":4},"end":{"line":153,"column":null}},{"start":{},"end":{}}],"line":148},"18":{"loc":{"start":{"line":156,"column":4},"end":{"line":159,"column":null}},"type":"if","locations":[{"start":{"line":156,"column":4},"end":{"line":159,"column":null}},{"start":{},"end":{}}],"line":156},"19":{"loc":{"start":{"line":165,"column":4},"end":{"line":166,"column":null}},"type":"if","locations":[{"start":{"line":165,"column":4},"end":{"line":166,"column":null}},{"start":{},"end":{}}],"line":165},"20":{"loc":{"start":{"line":165,"column":8},"end":{"line":165,"column":68}},"type":"binary-expr","locations":[{"start":{"line":165,"column":8},"end":{"line":165,"column":24}},{"start":{"line":165,"column":24},"end":{"line":165,"column":68}}],"line":165},"21":{"loc":{"start":{"line":171,"column":6},"end":{"line":176,"column":null}},"type":"if","locations":[{"start":{"line":171,"column":6},"end":{"line":176,"column":null}},{"start":{},"end":{}}],"line":171},"22":{"loc":{"start":{"line":175,"column":40},"end":{"line":175,"column":null}},"type":"binary-expr","locations":[{"start":{"line":175,"column":40},"end":{"line":175,"column":55}},{"start":{"line":175,"column":55},"end":{"line":175,"column":null}}],"line":175}},"s":{"0":30,"1":30,"2":30,"3":30,"4":25,"5":18,"6":4,"7":14,"8":14,"9":1,"10":13,"11":1,"12":12,"13":12,"14":12,"15":1,"16":11,"17":11,"18":1,"19":1,"20":1,"21":0,"22":0,"23":0,"24":0,"25":0,"26":0,"27":0,"28":0,"29":0,"30":0,"31":0,"32":0,"33":0,"34":0,"35":0,"36":0,"37":0,"38":0,"39":0,"40":0,"41":0,"42":0,"43":11,"44":11,"45":11,"46":11,"47":1,"48":10,"49":1,"50":1,"51":1,"52":9,"53":0,"54":9,"55":9,"56":1,"57":9,"58":7,"59":1,"60":1,"61":1,"62":8},"f":{"0":30,"1":25,"2":18,"3":1,"4":0,"5":0,"6":0,"7":0,"8":11},"b":{"0":[30,29],"1":[4,14],"2":[1,13],"3":[1,12],"4":[1,11],"5":[1,0],"6":[0,0],"7":[0,0],"8":[0,0],"9":[0,0],"10":[0,0],"11":[0,0],"12":[0,0],"13":[0,0],"14":[0,0],"15":[11,10],"16":[1,0],"17":[1,9],"18":[0,9],"19":[1,8],"20":[9,9],"21":[1,6],"22":[1,0]},"meta":{"lastBranch":23,"lastFunction":9,"lastStatement":63,"seen":{"s:13:40:13:Infinity":0,"s:14:37:14:Infinity":1,"f:16:2:16:14":0,"s:17:4:17:Infinity":2,"s:18:4:18:Infinity":3,"b:18:22:18:44:18:44:18:Infinity":0,"f:21:14:21:52":1,"s:22:4:25:Infinity":4,"f:28:8:28:43":2,"b:29:4:30:Infinity:undefined:undefined:undefined:undefined":1,"s:29:4:30:Infinity":5,"s:30:6:30:Infinity":6,"s:33:21:36:6":7,"b:38:4:41:Infinity:undefined:undefined:undefined:undefined":2,"s:38:4:41:Infinity":8,"s:39:6:41:Infinity":9,"b:44:4:47:Infinity:undefined:undefined:undefined:undefined":3,"s:44:4:47:Infinity":10,"s:45:6:47:Infinity":11,"s:50:4:50:Infinity":12,"s:53:6:53:Infinity":13,"b:54:4:57:Infinity:undefined:undefined:undefined:undefined":4,"s:54:4:57:Infinity":14,"s:55:6:57:Infinity":15,"s:60:4:60:Infinity":16,"s:61:4:61:Infinity":17,"f:64:8:64:40":3,"b:65:4:66:Infinity:undefined:undefined:undefined:undefined":5,"s:65:4:66:Infinity":18,"s:66:6:66:Infinity":19,"s:68:4:68:Infinity":20,"f:74:8:74:22":4,"s:75:20:75:43":21,"s:76:22:76:47":22,"s:77:20:78:Infinity":23,"b:77:35:77:55:77:55:77:57":6,"f:77:59:77:Infinity":5,"s:78:16:78:Infinity":24,"b:80:4:80:Infinity:undefined:undefined:undefined:undefined":7,"s:80:4:80:Infinity":25,"s:80:18:80:Infinity":26,"s:81:23:81:Infinity":27,"s:82:25:82:Infinity":28,"b:85:4:85:Infinity:undefined:undefined:undefined:undefined":8,"s:85:4:85:Infinity":29,"b:85:8:85:24:85:24:85:52":9,"s:85:52:85:Infinity":30,"s:87:25:88:Infinity":31,"s:89:4:89:Infinity":32,"b:89:14:89:29:89:29:89:Infinity":10,"f:96:8:96:56":6,"b:97:4:98:Infinity:undefined:undefined:undefined:undefined":11,"s:97:4:98:Infinity":33,"s:98:6:98:Infinity":34,"b:100:4:101:Infinity:undefined:undefined:undefined:undefined":12,"s:100:4:101:Infinity":35,"s:101:6:101:Infinity":36,"s:103:4:103:Infinity":37,"f:110:8:110:56":7,"b:111:4:112:Infinity:undefined:undefined:undefined:undefined":13,"s:111:4:112:Infinity":38,"s:112:6:112:Infinity":39,"b:114:4:115:Infinity:undefined:undefined:undefined:undefined":14,"s:114:4:115:Infinity":40,"s:115:6:115:Infinity":41,"s:117:4:117:Infinity":42,"f:120:8:120:Infinity":8,"s:124:20:124:43":43,"s:126:30:133:Infinity":44,"b:127:13:127:22:127:22:131:Infinity":15,"s:136:4:145:Infinity":45,"s:137:6:141:Infinity":46,"s:143:6:145:Infinity":47,"b:144:72:144:86:144:86:144:97":16,"b:148:4:153:Infinity:undefined:undefined:undefined:undefined":17,"s:148:4:153:Infinity":48,"s:149:6:149:Infinity":49,"s:150:6:150:Infinity":50,"s:151:6:153:Infinity":51,"b:156:4:159:Infinity:undefined:undefined:undefined:undefined":18,"s:156:4:159:Infinity":52,"s:157:6:159:Infinity":53,"s:162:20:162:41":54,"b:165:4:166:Infinity:undefined:undefined:undefined:undefined":19,"s:165:4:166:Infinity":55,"b:165:8:165:24:165:24:165:68":20,"s:166:6:166:Infinity":56,"s:170:4:176:Infinity":57,"b:171:6:176:Infinity:undefined:undefined:undefined:undefined":21,"s:171:6:176:Infinity":58,"s:172:26:172:Infinity":59,"s:173:28:173:Infinity":60,"s:174:8:176:Infinity":61,"b:175:40:175:55:175:55:175:Infinity":22,"s:180:4:180:Infinity":62}}}
,"/home/runner/work/claude-fastmail-connector/claude-fastmail-connector/src/jmap/methods.ts": {"path":"/home/runner/work/claude-fastmail-connector/claude-fastmail-connector/src/jmap/methods.ts","statementMap":{"0":{"start":{"line":6,"column":2},"end":{"line":6,"column":null}},"1":{"start":{"line":18,"column":2},"end":{"line":18,"column":null}},"2":{"start":{"line":23,"column":33},"end":{"line":33,"column":null}},"3":{"start":{"line":35,"column":30},"end":{"line":55,"column":null}},"4":{"start":{"line":68,"column":2},"end":{"line":79,"column":null}},"5":{"start":{"line":88,"column":2},"end":{"line":97,"column":null}},"6":{"start":{"line":105,"column":2},"end":{"line":117,"column":null}},"7":{"start":{"line":129,"column":2},"end":{"line":129,"column":null}},"8":{"start":{"line":143,"column":2},"end":{"line":151,"column":null}},"9":{"start":{"line":157,"column":2},"end":{"line":157,"column":null}},"10":{"start":{"line":167,"column":2},"end":{"line":167,"column":null}},"11":{"start":{"line":176,"column":2},"end":{"line":176,"column":null}},"12":{"start":{"line":185,"column":40},"end":{"line":185,"column":null}},"13":{"start":{"line":186,"column":2},"end":{"line":187,"column":null}},"14":{"start":{"line":187,"column":4},"end":{"line":187,"column":null}},"15":{"start":{"line":189,"column":2},"end":{"line":189,"column":null}},"16":{"start":{"line":192,"column":34},"end":{"line":215,"column":null}},"17":{"start":{"line":227,"column":2},"end":{"line":237,"column":null}},"18":{"start":{"line":245,"column":2},"end":{"line":256,"column":null}},"19":{"start":{"line":268,"column":2},"end":{"line":268,"column":null}},"20":{"start":{"line":277,"column":2},"end":{"line":277,"column":null}},"21":{"start":{"line":286,"column":40},"end":{"line":286,"column":null}},"22":{"start":{"line":287,"column":2},"end":{"line":288,"column":null}},"23":{"start":{"line":288,"column":4},"end":{"line":288,"column":null}},"24":{"start":{"line":290,"column":2},"end":{"line":290,"column":null}},"25":{"start":{"line":293,"column":32},"end":{"line":307,"column":null}},"26":{"start":{"line":319,"column":2},"end":{"line":329,"column":null}},"27":{"start":{"line":337,"column":2},"end":{"line":348,"column":null}},"28":{"start":{"line":360,"column":2},"end":{"line":360,"column":null}}},"fnMap":{"0":{"name":"mailboxGet","decl":{"start":{"line":5,"column":16},"end":{"line":5,"column":27}},"loc":{"start":{"line":5,"column":82},"end":{"line":6,"column":null}},"line":5},"1":{"name":"mailboxSet","decl":{"start":{"line":9,"column":16},"end":{"line":9,"column":null}},"loc":{"start":{"line":17,"column":14},"end":{"line":18,"column":null}},"line":17},"2":{"name":"emailQuery","decl":{"start":{"line":57,"column":16},"end":{"line":57,"column":null}},"loc":{"start":{"line":67,"column":14},"end":{"line":79,"column":null}},"line":67},"3":{"name":"emailGet","decl":{"start":{"line":82,"column":16},"end":{"line":82,"column":null}},"loc":{"start":{"line":87,"column":14},"end":{"line":97,"column":null}},"line":87},"4":{"name":"emailGetByQueryRef","decl":{"start":{"line":100,"column":16},"end":{"line":100,"column":null}},"loc":{"start":{"line":104,"column":14},"end":{"line":117,"column":null}},"line":104},"5":{"name":"emailSet","decl":{"start":{"line":120,"column":16},"end":{"line":120,"column":null}},"loc":{"start":{"line":128,"column":14},"end":{"line":129,"column":null}},"line":128},"6":{"name":"emailSubmissionSet","decl":{"start":{"line":134,"column":16},"end":{"line":134,"column":null}},"loc":{"start":{"line":142,"column":14},"end":{"line":151,"column":null}},"line":142},"7":{"name":"identityGet","decl":{"start":{"line":156,"column":16},"end":{"line":156,"column":28}},"loc":{"start":{"line":156,"column":84},"end":{"line":157,"column":null}},"line":156},"8":{"name":"threadGet","decl":{"start":{"line":162,"column":16},"end":{"line":162,"column":null}},"loc":{"start":{"line":166,"column":14},"end":{"line":167,"column":null}},"line":166},"9":{"name":"calendarGet","decl":{"start":{"line":172,"column":16},"end":{"line":172,"column":null}},"loc":{"start":{"line":175,"column":14},"end":{"line":176,"column":null}},"line":175},"10":{"name":"calendarEventGet","decl":{"start":{"line":179,"column":16},"end":{"line":179,"column":null}},"loc":{"start":{"line":184,"column":14},"end":{"line":189,"column":null}},"line":184},"11":{"name":"calendarEventQuery","decl":{"start":{"line":217,"column":16},"end":{"line":217,"column":null}},"loc":{"start":{"line":226,"column":14},"end":{"line":237,"column":null}},"line":226},"12":{"name":"calendarEventGetByQueryRef","decl":{"start":{"line":240,"column":16},"end":{"line":240,"column":null}},"loc":{"start":{"line":244,"column":14},"end":{"line":256,"column":null}},"line":244},"13":{"name":"calendarEventSet","decl":{"start":{"line":259,"column":16},"end":{"line":259,"column":null}},"loc":{"start":{"line":267,"column":14},"end":{"line":268,"column":null}},"line":267},"14":{"name":"addressBookGet","decl":{"start":{"line":273,"column":16},"end":{"line":273,"column":null}},"loc":{"start":{"line":276,"column":14},"end":{"line":277,"column":null}},"line":276},"15":{"name":"contactCardGet","decl":{"start":{"line":280,"column":16},"end":{"line":280,"column":null}},"loc":{"start":{"line":285,"column":14},"end":{"line":290,"column":null}},"line":285},"16":{"name":"contactCardQuery","decl":{"start":{"line":309,"column":16},"end":{"line":309,"column":null}},"loc":{"start":{"line":318,"column":14},"end":{"line":329,"column":null}},"line":318},"17":{"name":"contactCardGetByQueryRef","decl":{"start":{"line":332,"column":16},"end":{"line":332,"column":null}},"loc":{"start":{"line":336,"column":14},"end":{"line":348,"column":null}},"line":336},"18":{"name":"contactCardSet","decl":{"start":{"line":351,"column":16},"end":{"line":351,"column":null}},"loc":{"start":{"line":359,"column":14},"end":{"line":360,"column":null}},"line":359}},"branchMap":{"0":{"loc":{"start":{"line":5,"column":46},"end":{"line":5,"column":82}},"type":"default-arg","locations":[{"start":{"line":5,"column":55},"end":{"line":5,"column":82}}],"line":5},"1":{"loc":{"start":{"line":16,"column":2},"end":{"line":16,"column":null}},"type":"default-arg","locations":[{"start":{"line":16,"column":11},"end":{"line":16,"column":null}}],"line":16},"2":{"loc":{"start":{"line":66,"column":2},"end":{"line":66,"column":null}},"type":"default-arg","locations":[{"start":{"line":66,"column":11},"end":{"line":66,"column":null}}],"line":66},"3":{"loc":{"start":{"line":73,"column":12},"end":{"line":73,"column":77}},"type":"binary-expr","locations":[{"start":{"line":73,"column":12},"end":{"line":73,"column":29}},{"start":{"line":73,"column":29},"end":{"line":73,"column":77}}],"line":73},"4":{"loc":{"start":{"line":74,"column":13},"end":{"line":74,"column":null}},"type":"binary-expr","locations":[{"start":{"line":74,"column":13},"end":{"line":74,"column":31}},{"start":{"line":74,"column":31},"end":{"line":74,"column":null}}],"line":74},"5":{"loc":{"start":{"line":75,"column":16},"end":{"line":75,"column":null}},"type":"binary-expr","locations":[{"start":{"line":75,"column":16},"end":{"line":75,"column":37}},{"start":{"line":75,"column":37},"end":{"line":75,"column":null}}],"line":75},"6":{"loc":{"start":{"line":76,"column":23},"end":{"line":76,"column":null}},"type":"binary-expr","locations":[{"start":{"line":76,"column":23},"end":{"line":76,"column":51}},{"start":{"line":76,"column":51},"end":{"line":76,"column":null}}],"line":76},"7":{"loc":{"start":{"line":86,"column":2},"end":{"line":86,"column":null}},"type":"default-arg","locations":[{"start":{"line":86,"column":11},"end":{"line":86,"column":null}}],"line":86},"8":{"loc":{"start":{"line":93,"column":18},"end":{"line":93,"column":null}},"type":"binary-expr","locations":[{"start":{"line":93,"column":18},"end":{"line":93,"column":41}},{"start":{"line":93,"column":41},"end":{"line":93,"column":null}}],"line":93},"9":{"loc":{"start":{"line":94,"column":26},"end":{"line":94,"column":null}},"type":"binary-expr","locations":[{"start":{"line":94,"column":26},"end":{"line":94,"column":57}},{"start":{"line":94,"column":57},"end":{"line":94,"column":null}}],"line":94},"10":{"loc":{"start":{"line":103,"column":2},"end":{"line":103,"column":null}},"type":"default-arg","locations":[{"start":{"line":103,"column":11},"end":{"line":103,"column":null}}],"line":103},"11":{"loc":{"start":{"line":113,"column":18},"end":{"line":113,"column":null}},"type":"binary-expr","locations":[{"start":{"line":113,"column":18},"end":{"line":113,"column":41}},{"start":{"line":113,"column":41},"end":{"line":113,"column":null}}],"line":113},"12":{"loc":{"start":{"line":114,"column":26},"end":{"line":114,"column":null}},"type":"binary-expr","locations":[{"start":{"line":114,"column":26},"end":{"line":114,"column":57}},{"start":{"line":114,"column":57},"end":{"line":114,"column":null}}],"line":114},"13":{"loc":{"start":{"line":127,"column":2},"end":{"line":127,"column":null}},"type":"default-arg","locations":[{"start":{"line":127,"column":11},"end":{"line":127,"column":null}}],"line":127},"14":{"loc":{"start":{"line":141,"column":2},"end":{"line":141,"column":null}},"type":"default-arg","locations":[{"start":{"line":141,"column":11},"end":{"line":141,"column":null}}],"line":141},"15":{"loc":{"start":{"line":156,"column":47},"end":{"line":156,"column":84}},"type":"default-arg","locations":[{"start":{"line":156,"column":56},"end":{"line":156,"column":84}}],"line":156},"16":{"loc":{"start":{"line":165,"column":2},"end":{"line":165,"column":null}},"type":"default-arg","locations":[{"start":{"line":165,"column":11},"end":{"line":165,"column":null}}],"line":165},"17":{"loc":{"start":{"line":174,"column":2},"end":{"line":174,"column":null}},"type":"default-arg","locations":[{"start":{"line":174,"column":11},"end":{"line":174,"column":null}}],"line":174},"18":{"loc":{"start":{"line":183,"column":2},"end":{"line":183,"column":null}},"type":"default-arg","locations":[{"start":{"line":183,"column":11},"end":{"line":183,"column":null}}],"line":183},"19":{"loc":{"start":{"line":186,"column":2},"end":{"line":187,"column":null}},"type":"if","locations":[{"start":{"line":186,"column":2},"end":{"line":187,"column":null}},{"start":{},"end":{}}],"line":186},"20":{"loc":{"start":{"line":225,"column":2},"end":{"line":225,"column":null}},"type":"default-arg","locations":[{"start":{"line":225,"column":11},"end":{"line":225,"column":null}}],"line":225},"21":{"loc":{"start":{"line":232,"column":12},"end":{"line":232,"column":71}},"type":"binary-expr","locations":[{"start":{"line":232,"column":12},"end":{"line":232,"column":29}},{"start":{"line":232,"column":29},"end":{"line":232,"column":71}}],"line":232},"22":{"loc":{"start":{"line":233,"column":13},"end":{"line":233,"column":null}},"type":"binary-expr","locations":[{"start":{"line":233,"column":13},"end":{"line":233,"column":31}},{"start":{"line":233,"column":31},"end":{"line":233,"column":null}}],"line":233},"23":{"loc":{"start":{"line":234,"column":16},"end":{"line":234,"column":null}},"type":"binary-expr","locations":[{"start":{"line":234,"column":16},"end":{"line":234,"column":37}},{"start":{"line":234,"column":37},"end":{"line":234,"column":null}}],"line":234},"24":{"loc":{"start":{"line":243,"column":2},"end":{"line":243,"column":null}},"type":"default-arg","locations":[{"start":{"line":243,"column":11},"end":{"line":243,"column":null}}],"line":243},"25":{"loc":{"start":{"line":253,"column":18},"end":{"line":253,"column":null}},"type":"binary-expr","locations":[{"start":{"line":253,"column":18},"end":{"line":253,"column":41}},{"start":{"line":253,"column":41},"end":{"line":253,"column":null}}],"line":253},"26":{"loc":{"start":{"line":266,"column":2},"end":{"line":266,"column":null}},"type":"default-arg","locations":[{"start":{"line":266,"column":11},"end":{"line":266,"column":null}}],"line":266},"27":{"loc":{"start":{"line":275,"column":2},"end":{"line":275,"column":null}},"type":"default-arg","locations":[{"start":{"line":275,"column":11},"end":{"line":275,"column":null}}],"line":275},"28":{"loc":{"start":{"line":284,"column":2},"end":{"line":284,"column":null}},"type":"default-arg","locations":[{"start":{"line":284,"column":11},"end":{"line":284,"column":null}}],"line":284},"29":{"loc":{"start":{"line":287,"column":2},"end":{"line":288,"column":null}},"type":"if","locations":[{"start":{"line":287,"column":2},"end":{"line":288,"column":null}},{"start":{},"end":{}}],"line":287},"30":{"loc":{"start":{"line":317,"column":2},"end":{"line":317,"column":null}},"type":"default-arg","locations":[{"start":{"line":317,"column":11},"end":{"line":317,"column":null}}],"line":317},"31":{"loc":{"start":{"line":324,"column":12},"end":{"line":324,"column":70}},"type":"binary-expr","locations":[{"start":{"line":324,"column":12},"end":{"line":324,"column":29}},{"start":{"line":324,"column":29},"end":{"line":324,"column":70}}],"line":324},"32":{"loc":{"start":{"line":325,"column":13},"end":{"line":325,"column":null}},"type":"binary-expr","locations":[{"start":{"line":325,"column":13},"end":{"line":325,"column":31}},{"start":{"line":325,"column":31},"end":{"line":325,"column":null}}],"line":325},"33":{"loc":{"start":{"line":326,"column":16},"end":{"line":326,"column":null}},"type":"binary-expr","locations":[{"start":{"line":326,"column":16},"end":{"line":326,"column":37}},{"start":{"line":326,"column":37},"end":{"line":326,"column":null}}],"line":326},"34":{"loc":{"start":{"line":335,"column":2},"end":{"line":335,"column":null}},"type":"default-arg","locations":[{"start":{"line":335,"column":11},"end":{"line":335,"column":null}}],"line":335},"35":{"loc":{"start":{"line":345,"column":18},"end":{"line":345,"column":null}},"type":"binary-expr","locations":[{"start":{"line":345,"column":18},"end":{"line":345,"column":41}},{"start":{"line":345,"column":41},"end":{"line":345,"column":null}}],"line":345},"36":{"loc":{"start":{"line":358,"column":2},"end":{"line":358,"column":null}},"type":"default-arg","locations":[{"start":{"line":358,"column":11},"end":{"line":358,"column":null}}],"line":358}},"s":{"0":2,"1":3,"2":9,"3":9,"4":3,"5":2,"6":2,"7":3,"8":2,"9":1,"10":1,"11":1,"12":2,"13":2,"14":1,"15":2,"16":9,"17":2,"18":1,"19":2,"20":1,"21":2,"22":2,"23":1,"24":2,"25":9,"26":1,"27":1,"28":2},"f":{"0":2,"1":3,"2":3,"3":2,"4":2,"5":3,"6":2,"7":1,"8":1,"9":1,"10":2,"11":2,"12":1,"13":2,"14":1,"15":2,"16":1,"17":1,"18":2},"b":{"0":[2],"1":[3],"2":[3],"3":[3,2],"4":[3,2],"5":[3,2],"6":[3,2],"7":[2],"8":[2,1],"9":[2,1],"10":[2],"11":[2,1],"12":[2,1],"13":[3],"14":[2],"15":[1],"16":[1],"17":[1],"18":[2],"19":[1,1],"20":[2],"21":[2,2],"22":[2,1],"23":[2,1],"24":[1],"25":[1,1],"26":[2],"27":[1],"28":[2],"29":[1,1],"30":[1],"31":[1,1],"32":[1,1],"33":[1,1],"34":[1],"35":[1,1],"36":[2]},"meta":{"lastBranch":37,"lastFunction":19,"lastStatement":29,"seen":{"f:5:16:5:27":0,"b:5:55:5:82":0,"s:6:2:6:Infinity":0,"f:9:16:9:Infinity":1,"b:16:11:16:Infinity":1,"s:18:2:18:Infinity":1,"s:23:33:33:Infinity":2,"s:35:30:55:Infinity":3,"f:57:16:57:Infinity":2,"b:66:11:66:Infinity":2,"s:68:2:79:Infinity":4,"b:73:12:73:29:73:29:73:77":3,"b:74:13:74:31:74:31:74:Infinity":4,"b:75:16:75:37:75:37:75:Infinity":5,"b:76:23:76:51:76:51:76:Infinity":6,"f:82:16:82:Infinity":3,"b:86:11:86:Infinity":7,"s:88:2:97:Infinity":5,"b:93:18:93:41:93:41:93:Infinity":8,"b:94:26:94:57:94:57:94:Infinity":9,"f:100:16:100:Infinity":4,"b:103:11:103:Infinity":10,"s:105:2:117:Infinity":6,"b:113:18:113:41:113:41:113:Infinity":11,"b:114:26:114:57:114:57:114:Infinity":12,"f:120:16:120:Infinity":5,"b:127:11:127:Infinity":13,"s:129:2:129:Infinity":7,"f:134:16:134:Infinity":6,"b:141:11:141:Infinity":14,"s:143:2:151:Infinity":8,"f:156:16:156:28":7,"b:156:56:156:84":15,"s:157:2:157:Infinity":9,"f:162:16:162:Infinity":8,"b:165:11:165:Infinity":16,"s:167:2:167:Infinity":10,"f:172:16:172:Infinity":9,"b:174:11:174:Infinity":17,"s:176:2:176:Infinity":11,"f:179:16:179:Infinity":10,"b:183:11:183:Infinity":18,"s:185:40:185:Infinity":12,"b:186:2:187:Infinity:undefined:undefined:undefined:undefined":19,"s:186:2:187:Infinity":13,"s:187:4:187:Infinity":14,"s:189:2:189:Infinity":15,"s:192:34:215:Infinity":16,"f:217:16:217:Infinity":11,"b:225:11:225:Infinity":20,"s:227:2:237:Infinity":17,"b:232:12:232:29:232:29:232:71":21,"b:233:13:233:31:233:31:233:Infinity":22,"b:234:16:234:37:234:37:234:Infinity":23,"f:240:16:240:Infinity":12,"b:243:11:243:Infinity":24,"s:245:2:256:Infinity":18,"b:253:18:253:41:253:41:253:Infinity":25,"f:259:16:259:Infinity":13,"b:266:11:266:Infinity":26,"s:268:2:268:Infinity":19,"f:273:16:273:Infinity":14,"b:275:11:275:Infinity":27,"s:277:2:277:Infinity":20,"f:280:16:280:Infinity":15,"b:284:11:284:Infinity":28,"s:286:40:286:Infinity":21,"b:287:2:288:Infinity:undefined:undefined:undefined:undefined":29,"s:287:2:288:Infinity":22,"s:288:4:288:Infinity":23,"s:290:2:290:Infinity":24,"s:293:32:307:Infinity":25,"f:309:16:309:Infinity":16,"b:317:11:317:Infinity":30,"s:319:2:329:Infinity":26,"b:324:12:324:29:324:29:324:70":31,"b:325:13:325:31:325:31:325:Infinity":32,"b:326:16:326:37:326:37:326:Infinity":33,"f:332:16:332:Infinity":17,"b:335:11:335:Infinity":34,"s:337:2:348:Infinity":27,"b:345:18:345:41:345:41:345:Infinity":35,"f:351:16:351:Infinity":18,"b:358:11:358:Infinity":36,"s:360:2:360:Infinity":28}}}
,"/home/runner/work/claude-fastmail-connector/claude-fastmail-connector/src/jmap/types.ts": {"path":"/home/runner/work/claude-fastmail-connector/claude-fastmail-connector/src/jmap/types.ts","statementMap":{"0":{"start":{"line":211,"column":33},"end":{"line":220,"column":null}},"1":{"start":{"line":222,"column":27},"end":{"line":222,"column":null}}},"fnMap":{},"branchMap":{},"s":{"0":9,"1":9},"f":{},"b":{},"meta":{"lastBranch":0,"lastFunction":0,"lastStatement":2,"seen":{"s:211:33:220:Infinity":0,"s:222:27:222:Infinity":1}}}
,"/home/runner/work/claude-fastmail-connector/claude-fastmail-connector/src/tools/calendar.ts": {"path":"/home/runner/work/claude-fastmail-connector/claude-fastmail-connector/src/tools/calendar.ts","statementMap":{"0":{"start":{"line":20,"column":17},"end":{"line":20,"column":53}},"1":{"start":{"line":21,"column":2},"end":{"line":24,"column":null}},"2":{"start":{"line":28,"column":2},"end":{"line":28,"column":null}},"3":{"start":{"line":28,"column":17},"end":{"line":28,"column":null}},"4":{"start":{"line":30,"column":16},"end":{"line":31,"column":null}},"5":{"start":{"line":33,"column":2},"end":{"line":33,"column":null}},"6":{"start":{"line":33,"column":14},"end":{"line":33,"column":null}},"7":{"start":{"line":34,"column":26},"end":{"line":34,"column":28}},"8":{"start":{"line":35,"column":2},"end":{"line":35,"column":null}},"9":{"start":{"line":35,"column":16},"end":{"line":35,"column":null}},"10":{"start":{"line":36,"column":2},"end":{"line":36,"column":null}},"11":{"start":{"line":36,"column":16},"end":{"line":36,"column":null}},"12":{"start":{"line":37,"column":2},"end":{"line":37,"column":null}},"13":{"start":{"line":37,"column":16},"end":{"line":37,"column":null}},"14":{"start":{"line":38,"column":2},"end":{"line":38,"column":null}},"15":{"start":{"line":38,"column":16},"end":{"line":38,"column":null}},"16":{"start":{"line":39,"column":2},"end":{"line":39,"column":null}},"17":{"start":{"line":43,"column":26},"end":{"line":43,"column":28}},"18":{"start":{"line":44,"column":2},"end":{"line":44,"column":null}},"19":{"start":{"line":45,"column":2},"end":{"line":45,"column":null}},"20":{"start":{"line":47,"column":2},"end":{"line":52,"column":null}},"21":{"start":{"line":48,"column":4},"end":{"line":48,"column":null}},"22":{"start":{"line":50,"column":15},"end":{"line":50,"column":null}},"23":{"start":{"line":51,"column":4},"end":{"line":51,"column":null}},"24":{"start":{"line":52,"column":4},"end":{"line":52,"column":null}},"25":{"start":{"line":55,"column":2},"end":{"line":56,"column":null}},"26":{"start":{"line":56,"column":4},"end":{"line":56,"column":null}},"27":{"start":{"line":59,"column":2},"end":{"line":60,"column":null}},"28":{"start":{"line":60,"column":4},"end":{"line":60,"column":null}},"29":{"start":{"line":63,"column":2},"end":{"line":68,"column":null}},"30":{"start":{"line":64,"column":17},"end":{"line":66,"column":22}},"31":{"start":{"line":65,"column":41},"end":{"line":65,"column":65}},"32":{"start":{"line":67,"column":4},"end":{"line":68,"column":null}},"33":{"start":{"line":68,"column":6},"end":{"line":68,"column":null}},"34":{"start":{"line":72,"column":2},"end":{"line":82,"column":null}},"35":{"start":{"line":73,"column":18},"end":{"line":80,"column":null}},"36":{"start":{"line":75,"column":21},"end":{"line":75,"column":null}},"37":{"start":{"line":76,"column":23},"end":{"line":78,"column":null}},"38":{"start":{"line":79,"column":8},"end":{"line":79,"column":null}},"39":{"start":{"line":81,"column":4},"end":{"line":82,"column":null}},"40":{"start":{"line":82,"column":6},"end":{"line":82,"column":null}},"41":{"start":{"line":86,"column":2},"end":{"line":87,"column":null}},"42":{"start":{"line":87,"column":4},"end":{"line":87,"column":null}},"43":{"start":{"line":90,"column":2},"end":{"line":91,"column":null}},"44":{"start":{"line":91,"column":4},"end":{"line":91,"column":null}},"45":{"start":{"line":94,"column":2},"end":{"line":94,"column":null}},"46":{"start":{"line":101,"column":2},"end":{"line":138,"column":null}},"47":{"start":{"line":106,"column":24},"end":{"line":106,"column":51}},"48":{"start":{"line":107,"column":20},"end":{"line":107,"column":50}},"49":{"start":{"line":109,"column":23},"end":{"line":111,"column":null}},"50":{"start":{"line":114,"column":23},"end":{"line":114,"column":null}},"51":{"start":{"line":115,"column":25},"end":{"line":115,"column":55}},"52":{"start":{"line":117,"column":6},"end":{"line":120,"column":null}},"53":{"start":{"line":118,"column":8},"end":{"line":120,"column":null}},"54":{"start":{"line":123,"column":21},"end":{"line":124,"column":null}},"55":{"start":{"line":124,"column":18},"end":{"line":124,"column":75}},"56":{"start":{"line":127,"column":20},"end":{"line":132,"column":null}},"57":{"start":{"line":128,"column":22},"end":{"line":128,"column":null}},"58":{"start":{"line":129,"column":24},"end":{"line":129,"column":null}},"59":{"start":{"line":130,"column":19},"end":{"line":130,"column":null}},"60":{"start":{"line":131,"column":8},"end":{"line":131,"column":null}},"61":{"start":{"line":134,"column":6},"end":{"line":136,"column":null}},"62":{"start":{"line":140,"column":2},"end":{"line":239,"column":null}},"63":{"start":{"line":173,"column":24},"end":{"line":173,"column":51}},"64":{"start":{"line":174,"column":20},"end":{"line":174,"column":50}},"65":{"start":{"line":176,"column":46},"end":{"line":176,"column":48}},"66":{"start":{"line":177,"column":6},"end":{"line":177,"column":null}},"67":{"start":{"line":177,"column":22},"end":{"line":177,"column":null}},"68":{"start":{"line":178,"column":6},"end":{"line":178,"column":null}},"69":{"start":{"line":178,"column":17},"end":{"line":178,"column":null}},"70":{"start":{"line":179,"column":6},"end":{"line":179,"column":null}},"71":{"start":{"line":179,"column":18},"end":{"line":179,"column":null}},"72":{"start":{"line":180,"column":6},"end":{"line":180,"column":null}},"73":{"start":{"line":180,"column":17},"end":{"line":180,"column":null}},"74":{"start":{"line":182,"column":26},"end":{"line":182,"column":46}},"75":{"start":{"line":183,"column":26},"end":{"line":183,"column":null}},"76":{"start":{"line":185,"column":23},"end":{"line":195,"column":null}},"77":{"start":{"line":198,"column":26},"end":{"line":199,"column":null}},"78":{"start":{"line":199,"column":20},"end":{"line":199,"column":null}},"79":{"start":{"line":201,"column":6},"end":{"line":204,"column":null}},"80":{"start":{"line":202,"column":8},"end":{"line":204,"column":null}},"81":{"start":{"line":207,"column":22},"end":{"line":207,"column":67}},"82":{"start":{"line":208,"column":6},"end":{"line":216,"column":null}},"83":{"start":{"line":209,"column":8},"end":{"line":216,"column":null}},"84":{"start":{"line":220,"column":6},"end":{"line":220,"column":null}},"85":{"start":{"line":220,"column":28},"end":{"line":220,"column":58}},"86":{"start":{"line":222,"column":28},"end":{"line":223,"column":null}},"87":{"start":{"line":223,"column":20},"end":{"line":223,"column":null}},"88":{"start":{"line":226,"column":9},"end":{"line":226,"column":null}},"89":{"start":{"line":228,"column":21},"end":{"line":228,"column":null}},"90":{"start":{"line":229,"column":20},"end":{"line":230,"column":null}},"91":{"start":{"line":230,"column":22},"end":{"line":230,"column":null}},"92":{"start":{"line":233,"column":6},"end":{"line":237,"column":null}},"93":{"start":{"line":241,"column":2},"end":{"line":267,"column":null}},"94":{"start":{"line":248,"column":24},"end":{"line":248,"column":51}},"95":{"start":{"line":249,"column":20},"end":{"line":249,"column":50}},"96":{"start":{"line":251,"column":23},"end":{"line":253,"column":null}},"97":{"start":{"line":256,"column":23},"end":{"line":256,"column":null}},"98":{"start":{"line":257,"column":22},"end":{"line":257,"column":57}},"99":{"start":{"line":259,"column":6},"end":{"line":260,"column":null}},"100":{"start":{"line":260,"column":8},"end":{"line":260,"column":null}},"101":{"start":{"line":263,"column":6},"end":{"line":265,"column":null}},"102":{"start":{"line":269,"column":2},"end":{"line":426,"column":null}},"103":{"start":{"line":344,"column":24},"end":{"line":344,"column":51}},"104":{"start":{"line":345,"column":20},"end":{"line":345,"column":50}},"105":{"start":{"line":347,"column":49},"end":{"line":354,"column":null}},"106":{"start":{"line":356,"column":6},"end":{"line":356,"column":null}},"107":{"start":{"line":356,"column":20},"end":{"line":356,"column":null}},"108":{"start":{"line":357,"column":6},"end":{"line":357,"column":null}},"109":{"start":{"line":357,"column":20},"end":{"line":357,"column":null}},"110":{"start":{"line":358,"column":6},"end":{"line":358,"column":null}},"111":{"start":{"line":358,"column":23},"end":{"line":358,"column":null}},"112":{"start":{"line":360,"column":6},"end":{"line":363,"column":null}},"113":{"start":{"line":361,"column":8},"end":{"line":363,"column":null}},"114":{"start":{"line":366,"column":6},"end":{"line":379,"column":null}},"115":{"start":{"line":367,"column":72},"end":{"line":367,"column":74}},"116":{"start":{"line":368,"column":8},"end":{"line":377,"column":null}},"117":{"start":{"line":368,"column":21},"end":{"line":368,"column":24}},"118":{"start":{"line":369,"column":20},"end":{"line":369,"column":null}},"119":{"start":{"line":370,"column":10},"end":{"line":377,"column":null}},"120":{"start":{"line":379,"column":8},"end":{"line":379,"column":null}},"121":{"start":{"line":382,"column":6},"end":{"line":394,"column":null}},"122":{"start":{"line":383,"column":8},"end":{"line":383,"column":null}},"123":{"start":{"line":384,"column":8},"end":{"line":394,"column":null}},"124":{"start":{"line":397,"column":23},"end":{"line":399,"column":null}},"125":{"start":{"line":402,"column":23},"end":{"line":402,"column":null}},"126":{"start":{"line":403,"column":22},"end":{"line":403,"column":null}},"127":{"start":{"line":407,"column":6},"end":{"line":414,"column":null}},"128":{"start":{"line":408,"column":27},"end":{"line":408,"column":null}},"129":{"start":{"line":411,"column":22},"end":{"line":411,"column":null}},"130":{"start":{"line":412,"column":8},"end":{"line":414,"column":null}},"131":{"start":{"line":417,"column":6},"end":{"line":424,"column":null}},"132":{"start":{"line":428,"column":2},"end":{"line":528,"column":null}},"133":{"start":{"line":473,"column":24},"end":{"line":473,"column":51}},"134":{"start":{"line":474,"column":20},"end":{"line":474,"column":50}},"135":{"start":{"line":476,"column":45},"end":{"line":476,"column":47}},"136":{"start":{"line":477,"column":6},"end":{"line":477,"column":null}},"137":{"start":{"line":477,"column":31},"end":{"line":477,"column":null}},"138":{"start":{"line":478,"column":6},"end":{"line":478,"column":null}},"139":{"start":{"line":478,"column":31},"end":{"line":478,"column":null}},"140":{"start":{"line":479,"column":6},"end":{"line":479,"column":null}},"141":{"start":{"line":479,"column":34},"end":{"line":479,"column":null}},"142":{"start":{"line":480,"column":6},"end":{"line":480,"column":null}},"143":{"start":{"line":480,"column":34},"end":{"line":480,"column":null}},"144":{"start":{"line":481,"column":6},"end":{"line":481,"column":null}},"145":{"start":{"line":481,"column":37},"end":{"line":481,"column":null}},"146":{"start":{"line":482,"column":6},"end":{"line":482,"column":null}},"147":{"start":{"line":482,"column":32},"end":{"line":482,"column":null}},"148":{"start":{"line":483,"column":6},"end":{"line":484,"column":null}},"149":{"start":{"line":484,"column":8},"end":{"line":484,"column":null}},"150":{"start":{"line":486,"column":6},"end":{"line":489,"column":null}},"151":{"start":{"line":487,"column":8},"end":{"line":489,"column":null}},"152":{"start":{"line":492,"column":6},"end":{"line":497,"column":null}},"153":{"start":{"line":493,"column":8},"end":{"line":497,"column":null}},"154":{"start":{"line":500,"column":23},"end":{"line":506,"column":null}},"155":{"start":{"line":509,"column":23},"end":{"line":509,"column":null}},"156":{"start":{"line":510,"column":25},"end":{"line":510,"column":null}},"157":{"start":{"line":513,"column":6},"end":{"line":516,"column":null}},"158":{"start":{"line":514,"column":8},"end":{"line":516,"column":null}},"159":{"start":{"line":519,"column":6},"end":{"line":526,"column":null}},"160":{"start":{"line":530,"column":2},"end":{"line":567,"column":null}},"161":{"start":{"line":539,"column":24},"end":{"line":539,"column":51}},"162":{"start":{"line":540,"column":20},"end":{"line":540,"column":50}},"163":{"start":{"line":542,"column":23},"end":{"line":544,"column":null}},"164":{"start":{"line":547,"column":23},"end":{"line":547,"column":null}},"165":{"start":{"line":548,"column":27},"end":{"line":548,"column":null}},"166":{"start":{"line":552,"column":6},"end":{"line":555,"column":null}},"167":{"start":{"line":553,"column":8},"end":{"line":555,"column":null}},"168":{"start":{"line":558,"column":6},"end":{"line":565,"column":null}}},"fnMap":{"0":{"name":"getCalendarUsing","decl":{"start":{"line":19,"column":15},"end":{"line":19,"column":32}},"loc":{"start":{"line":19,"column":71},"end":{"line":24,"column":null}},"line":19},"1":{"name":"formatDuration","decl":{"start":{"line":27,"column":9},"end":{"line":27,"column":24}},"loc":{"start":{"line":27,"column":57},"end":{"line":39,"column":null}},"line":27},"2":{"name":"formatEvent","decl":{"start":{"line":42,"column":9},"end":{"line":42,"column":21}},"loc":{"start":{"line":42,"column":51},"end":{"line":94,"column":null}},"line":42},"3":{"name":"(anonymous_3)","decl":{"start":{"line":65,"column":7},"end":{"line":65,"column":12}},"loc":{"start":{"line":65,"column":41},"end":{"line":65,"column":65}},"line":65},"4":{"name":"(anonymous_4)","decl":{"start":{"line":74,"column":7},"end":{"line":74,"column":12}},"loc":{"start":{"line":74,"column":44},"end":{"line":80,"column":null}},"line":74},"5":{"name":"registerCalendarTools","decl":{"start":{"line":97,"column":16},"end":{"line":97,"column":null}},"loc":{"start":{"line":100,"column":8},"end":{"line":567,"column":null}},"line":100},"6":{"name":"(anonymous_6)","decl":{"start":{"line":105,"column":4},"end":{"line":105,"column":16}},"loc":{"start":{"line":105,"column":16},"end":{"line":138,"column":null}},"line":105},"7":{"name":"(anonymous_7)","decl":{"start":{"line":123,"column":36},"end":{"line":123,"column":null}},"loc":{"start":{"line":124,"column":18},"end":{"line":124,"column":75}},"line":124},"8":{"name":"(anonymous_8)","decl":{"start":{"line":127,"column":27},"end":{"line":127,"column":32}},"loc":{"start":{"line":127,"column":40},"end":{"line":132,"column":null}},"line":127},"9":{"name":"(anonymous_9)","decl":{"start":{"line":172,"column":4},"end":{"line":172,"column":11}},"loc":{"start":{"line":172,"column":59},"end":{"line":239,"column":null}},"line":172},"10":{"name":"(anonymous_10)","decl":{"start":{"line":198,"column":51},"end":{"line":198,"column":null}},"loc":{"start":{"line":199,"column":20},"end":{"line":199,"column":null}},"line":199},"11":{"name":"(anonymous_11)","decl":{"start":{"line":220,"column":13},"end":{"line":220,"column":19}},"loc":{"start":{"line":220,"column":28},"end":{"line":220,"column":58}},"line":220},"12":{"name":"(anonymous_12)","decl":{"start":{"line":222,"column":53},"end":{"line":222,"column":null}},"loc":{"start":{"line":223,"column":20},"end":{"line":223,"column":null}},"line":223},"13":{"name":"(anonymous_13)","decl":{"start":{"line":229,"column":27},"end":{"line":229,"column":null}},"loc":{"start":{"line":230,"column":22},"end":{"line":230,"column":null}},"line":230},"14":{"name":"(anonymous_14)","decl":{"start":{"line":247,"column":4},"end":{"line":247,"column":11}},"loc":{"start":{"line":247,"column":27},"end":{"line":267,"column":null}},"line":247},"15":{"name":"(anonymous_15)","decl":{"start":{"line":330,"column":4},"end":{"line":330,"column":11}},"loc":{"start":{"line":343,"column":10},"end":{"line":426,"column":null}},"line":343},"16":{"name":"(anonymous_16)","decl":{"start":{"line":462,"column":4},"end":{"line":462,"column":11}},"loc":{"start":{"line":472,"column":10},"end":{"line":528,"column":null}},"line":472},"17":{"name":"(anonymous_17)","decl":{"start":{"line":538,"column":4},"end":{"line":538,"column":11}},"loc":{"start":{"line":538,"column":27},"end":{"line":567,"column":null}},"line":538}},"branchMap":{"0":{"loc":{"start":{"line":23,"column":4},"end":{"line":23,"column":null}},"type":"binary-expr","locations":[{"start":{"line":23,"column":4},"end":{"line":23,"column":14}},{"start":{"line":23,"column":14},"end":{"line":23,"column":null}}],"line":23},"1":{"loc":{"start":{"line":28,"column":2},"end":{"line":28,"column":null}},"type":"if","locations":[{"start":{"line":28,"column":2},"end":{"line":28,"column":null}},{"start":{},"end":{}}],"line":28},"2":{"loc":{"start":{"line":33,"column":2},"end":{"line":33,"column":null}},"type":"if","locations":[{"start":{"line":33,"column":2},"end":{"line":33,"column":null}},{"start":{},"end":{}}],"line":33},"3":{"loc":{"start":{"line":35,"column":2},"end":{"line":35,"column":null}},"type":"if","locations":[{"start":{"line":35,"column":2},"end":{"line":35,"column":null}},{"start":{},"end":{}}],"line":35},"4":{"loc":{"start":{"line":36,"column":2},"end":{"line":36,"column":null}},"type":"if","locations":[{"start":{"line":36,"column":2},"end":{"line":36,"column":null}},{"start":{},"end":{}}],"line":36},"5":{"loc":{"start":{"line":37,"column":2},"end":{"line":37,"column":null}},"type":"if","locations":[{"start":{"line":37,"column":2},"end":{"line":37,"column":null}},{"start":{},"end":{}}],"line":37},"6":{"loc":{"start":{"line":38,"column":2},"end":{"line":38,"column":null}},"type":"if","locations":[{"start":{"line":38,"column":2},"end":{"line":38,"column":null}},{"start":{},"end":{}}],"line":38},"7":{"loc":{"start":{"line":39,"column":9},"end":{"line":39,"column":null}},"type":"binary-expr","locations":[{"start":{"line":39,"column":9},"end":{"line":39,"column":24}},{"start":{"line":39,"column":28},"end":{"line":39,"column":null}}],"line":39},"8":{"loc":{"start":{"line":44,"column":23},"end":{"line":44,"column":53}},"type":"binary-expr","locations":[{"start":{"line":44,"column":23},"end":{"line":44,"column":38}},{"start":{"line":44,"column":38},"end":{"line":44,"column":53}}],"line":44},"9":{"loc":{"start":{"line":47,"column":2},"end":{"line":52,"column":null}},"type":"if","locations":[{"start":{"line":47,"column":2},"end":{"line":52,"column":null}},{"start":{"line":49,"column":9},"end":{"line":52,"column":null}}],"line":47},"10":{"loc":{"start":{"line":50,"column":15},"end":{"line":50,"column":null}},"type":"cond-expr","locations":[{"start":{"line":50,"column":32},"end":{"line":50,"column":57}},{"start":{"line":50,"column":57},"end":{"line":50,"column":null}}],"line":50},"11":{"loc":{"start":{"line":55,"column":2},"end":{"line":56,"column":null}},"type":"if","locations":[{"start":{"line":55,"column":2},"end":{"line":56,"column":null}},{"start":{},"end":{}}],"line":55},"12":{"loc":{"start":{"line":59,"column":2},"end":{"line":60,"column":null}},"type":"if","locations":[{"start":{"line":59,"column":2},"end":{"line":60,"column":null}},{"start":{},"end":{}}],"line":59},"13":{"loc":{"start":{"line":59,"column":6},"end":{"line":59,"column":52}},"type":"binary-expr","locations":[{"start":{"line":59,"column":6},"end":{"line":59,"column":22}},{"start":{"line":59,"column":22},"end":{"line":59,"column":52}}],"line":59},"14":{"loc":{"start":{"line":63,"column":2},"end":{"line":68,"column":null}},"type":"if","locations":[{"start":{"line":63,"column":2},"end":{"line":68,"column":null}},{"start":{},"end":{}}],"line":63},"15":{"loc":{"start":{"line":65,"column":41},"end":{"line":65,"column":65}},"type":"binary-expr","locations":[{"start":{"line":65,"column":41},"end":{"line":65,"column":51}},{"start":{"line":65,"column":51},"end":{"line":65,"column":65}}],"line":65},"16":{"loc":{"start":{"line":67,"column":4},"end":{"line":68,"column":null}},"type":"if","locations":[{"start":{"line":67,"column":4},"end":{"line":68,"column":null}},{"start":{},"end":{}}],"line":67},"17":{"loc":{"start":{"line":72,"column":2},"end":{"line":82,"column":null}},"type":"if","locations":[{"start":{"line":72,"column":2},"end":{"line":82,"column":null}},{"start":{},"end":{}}],"line":72},"18":{"loc":{"start":{"line":75,"column":21},"end":{"line":75,"column":null}},"type":"binary-expr","locations":[{"start":{"line":75,"column":21},"end":{"line":75,"column":31}},{"start":{"line":75,"column":31},"end":{"line":75,"column":42}},{"start":{"line":75,"column":42},"end":{"line":75,"column":null}}],"line":75},"19":{"loc":{"start":{"line":76,"column":23},"end":{"line":78,"column":null}},"type":"cond-expr","locations":[{"start":{"line":77,"column":12},"end":{"line":77,"column":null}},{"start":{"line":78,"column":12},"end":{"line":78,"column":null}}],"line":76},"20":{"loc":{"start":{"line":81,"column":4},"end":{"line":82,"column":null}},"type":"if","locations":[{"start":{"line":81,"column":4},"end":{"line":82,"column":null}},{"start":{},"end":{}}],"line":81},"21":{"loc":{"start":{"line":86,"column":2},"end":{"line":87,"column":null}},"type":"if","locations":[{"start":{"line":86,"column":2},"end":{"line":87,"column":null}},{"start":{},"end":{}}],"line":86},"22":{"loc":{"start":{"line":86,"column":6},"end":{"line":86,"column":65}},"type":"binary-expr","locations":[{"start":{"line":86,"column":6},"end":{"line":86,"column":31}},{"start":{"line":86,"column":31},"end":{"line":86,"column":65}}],"line":86},"23":{"loc":{"start":{"line":90,"column":2},"end":{"line":91,"column":null}},"type":"if","locations":[{"start":{"line":90,"column":2},"end":{"line":91,"column":null}},{"start":{},"end":{}}],"line":90},"24":{"loc":{"start":{"line":90,"column":6},"end":{"line":90,"column":63}},"type":"binary-expr","locations":[{"start":{"line":90,"column":6},"end":{"line":90,"column":30}},{"start":{"line":90,"column":30},"end":{"line":90,"column":63}}],"line":90},"25":{"loc":{"start":{"line":115,"column":25},"end":{"line":115,"column":55}},"type":"binary-expr","locations":[{"start":{"line":115,"column":25},"end":{"line":115,"column":53}},{"start":{"line":115,"column":53},"end":{"line":115,"column":55}}],"line":115},"26":{"loc":{"start":{"line":117,"column":6},"end":{"line":120,"column":null}},"type":"if","locations":[{"start":{"line":117,"column":6},"end":{"line":120,"column":null}},{"start":{},"end":{}}],"line":117},"27":{"loc":{"start":{"line":124,"column":18},"end":{"line":124,"column":75}},"type":"binary-expr","locations":[{"start":{"line":124,"column":18},"end":{"line":124,"column":47}},{"start":{"line":124,"column":47},"end":{"line":124,"column":75}}],"line":124},"28":{"loc":{"start":{"line":128,"column":22},"end":{"line":128,"column":null}},"type":"cond-expr","locations":[{"start":{"line":128,"column":34},"end":{"line":128,"column":54}},{"start":{"line":128,"column":54},"end":{"line":128,"column":null}}],"line":128},"29":{"loc":{"start":{"line":129,"column":24},"end":{"line":129,"column":null}},"type":"cond-expr","locations":[{"start":{"line":129,"column":40},"end":{"line":129,"column":45}},{"start":{"line":129,"column":45},"end":{"line":129,"column":null}}],"line":129},"30":{"loc":{"start":{"line":130,"column":19},"end":{"line":130,"column":null}},"type":"cond-expr","locations":[{"start":{"line":130,"column":34},"end":{"line":130,"column":67}},{"start":{"line":130,"column":67},"end":{"line":130,"column":null}}],"line":130},"31":{"loc":{"start":{"line":177,"column":6},"end":{"line":177,"column":null}},"type":"if","locations":[{"start":{"line":177,"column":6},"end":{"line":177,"column":null}},{"start":{},"end":{}}],"line":177},"32":{"loc":{"start":{"line":178,"column":6},"end":{"line":178,"column":null}},"type":"if","locations":[{"start":{"line":178,"column":6},"end":{"line":178,"column":null}},{"start":{},"end":{}}],"line":178},"33":{"loc":{"start":{"line":179,"column":6},"end":{"line":179,"column":null}},"type":"if","locations":[{"start":{"line":179,"column":6},"end":{"line":179,"column":null}},{"start":{},"end":{}}],"line":179},"34":{"loc":{"start":{"line":180,"column":6},"end":{"line":180,"column":null}},"type":"if","locations":[{"start":{"line":180,"column":6},"end":{"line":180,"column":null}},{"start":{},"end":{}}],"line":180},"35":{"loc":{"start":{"line":201,"column":6},"end":{"line":204,"column":null}},"type":"if","locations":[{"start":{"line":201,"column":6},"end":{"line":204,"column":null}},{"start":{},"end":{}}],"line":201},"36":{"loc":{"start":{"line":207,"column":22},"end":{"line":207,"column":67}},"type":"binary-expr","locations":[{"start":{"line":207,"column":22},"end":{"line":207,"column":65}},{"start":{"line":207,"column":65},"end":{"line":207,"column":67}}],"line":207},"37":{"loc":{"start":{"line":208,"column":6},"end":{"line":216,"column":null}},"type":"if","locations":[{"start":{"line":208,"column":6},"end":{"line":216,"column":null}},{"start":{},"end":{}}],"line":208},"38":{"loc":{"start":{"line":226,"column":9},"end":{"line":226,"column":null}},"type":"binary-expr","locations":[{"start":{"line":226,"column":9},"end":{"line":226,"column":48}},{"start":{"line":226,"column":48},"end":{"line":226,"column":null}}],"line":226},"39":{"loc":{"start":{"line":228,"column":47},"end":{"line":228,"column":108}},"type":"cond-expr","locations":[{"start":{"line":228,"column":69},"end":{"line":228,"column":105}},{"start":{"line":228,"column":105},"end":{"line":228,"column":108}}],"line":228},"40":{"loc":{"start":{"line":257,"column":22},"end":{"line":257,"column":57}},"type":"binary-expr","locations":[{"start":{"line":257,"column":22},"end":{"line":257,"column":55}},{"start":{"line":257,"column":55},"end":{"line":257,"column":57}}],"line":257},"41":{"loc":{"start":{"line":259,"column":6},"end":{"line":260,"column":null}},"type":"if","locations":[{"start":{"line":259,"column":6},"end":{"line":260,"column":null}},{"start":{},"end":{}}],"line":259},"42":{"loc":{"start":{"line":356,"column":6},"end":{"line":356,"column":null}},"type":"if","locations":[{"start":{"line":356,"column":6},"end":{"line":356,"column":null}},{"start":{},"end":{}}],"line":356},"43":{"loc":{"start":{"line":357,"column":6},"end":{"line":357,"column":null}},"type":"if","locations":[{"start":{"line":357,"column":6},"end":{"line":357,"column":null}},{"start":{},"end":{}}],"line":357},"44":{"loc":{"start":{"line":358,"column":6},"end":{"line":358,"column":null}},"type":"if","locations":[{"start":{"line":358,"column":6},"end":{"line":358,"column":null}},{"start":{},"end":{}}],"line":358},"45":{"loc":{"start":{"line":360,"column":6},"end":{"line":363,"column":null}},"type":"if","locations":[{"start":{"line":360,"column":6},"end":{"line":363,"column":null}},{"start":{},"end":{}}],"line":360},"46":{"loc":{"start":{"line":366,"column":6},"end":{"line":379,"column":null}},"type":"if","locations":[{"start":{"line":366,"column":6},"end":{"line":379,"column":null}},{"start":{},"end":{}}],"line":366},"47":{"loc":{"start":{"line":366,"column":10},"end":{"line":366,"column":51}},"type":"binary-expr","locations":[{"start":{"line":366,"column":10},"end":{"line":366,"column":26}},{"start":{"line":366,"column":26},"end":{"line":366,"column":51}}],"line":366},"48":{"loc":{"start":{"line":372,"column":18},"end":{"line":372,"column":null}},"type":"binary-expr","locations":[{"start":{"line":372,"column":18},"end":{"line":372,"column":28}},{"start":{"line":372,"column":28},"end":{"line":372,"column":null}}],"line":372},"49":{"loc":{"start":{"line":382,"column":6},"end":{"line":394,"column":null}},"type":"if","locations":[{"start":{"line":382,"column":6},"end":{"line":394,"column":null}},{"start":{},"end":{}}],"line":382},"50":{"loc":{"start":{"line":407,"column":6},"end":{"line":414,"column":null}},"type":"if","locations":[{"start":{"line":407,"column":6},"end":{"line":414,"column":null}},{"start":{},"end":{}}],"line":407},"51":{"loc":{"start":{"line":413,"column":37},"end":{"line":413,"column":null}},"type":"binary-expr","locations":[{"start":{"line":413,"column":37},"end":{"line":413,"column":59}},{"start":{"line":413,"column":59},"end":{"line":413,"column":74}},{"start":{"line":413,"column":74},"end":{"line":413,"column":null}}],"line":413},"52":{"loc":{"start":{"line":477,"column":6},"end":{"line":477,"column":null}},"type":"if","locations":[{"start":{"line":477,"column":6},"end":{"line":477,"column":null}},{"start":{},"end":{}}],"line":477},"53":{"loc":{"start":{"line":478,"column":6},"end":{"line":478,"column":null}},"type":"if","locations":[{"start":{"line":478,"column":6},"end":{"line":478,"column":null}},{"start":{},"end":{}}],"line":478},"54":{"loc":{"start":{"line":479,"column":6},"end":{"line":479,"column":null}},"type":"if","locations":[{"start":{"line":479,"column":6},"end":{"line":479,"column":null}},{"start":{},"end":{}}],"line":479},"55":{"loc":{"start":{"line":480,"column":6},"end":{"line":480,"column":null}},"type":"if","locations":[{"start":{"line":480,"column":6},"end":{"line":480,"column":null}},{"start":{},"end":{}}],"line":480},"56":{"loc":{"start":{"line":481,"column":6},"end":{"line":481,"column":null}},"type":"if","locations":[{"start":{"line":481,"column":6},"end":{"line":481,"column":null}},{"start":{},"end":{}}],"line":481},"57":{"loc":{"start":{"line":482,"column":6},"end":{"line":482,"column":null}},"type":"if","locations":[{"start":{"line":482,"column":6},"end":{"line":482,"column":null}},{"start":{},"end":{}}],"line":482},"58":{"loc":{"start":{"line":483,"column":6},"end":{"line":484,"column":null}},"type":"if","locations":[{"start":{"line":483,"column":6},"end":{"line":484,"column":null}},{"start":{},"end":{}}],"line":483},"59":{"loc":{"start":{"line":486,"column":6},"end":{"line":489,"column":null}},"type":"if","locations":[{"start":{"line":486,"column":6},"end":{"line":489,"column":null}},{"start":{},"end":{}}],"line":486},"60":{"loc":{"start":{"line":492,"column":6},"end":{"line":497,"column":null}},"type":"if","locations":[{"start":{"line":492,"column":6},"end":{"line":497,"column":null}},{"start":{},"end":{}}],"line":492},"61":{"loc":{"start":{"line":513,"column":6},"end":{"line":516,"column":null}},"type":"if","locations":[{"start":{"line":513,"column":6},"end":{"line":516,"column":null}},{"start":{},"end":{}}],"line":513},"62":{"loc":{"start":{"line":515,"column":37},"end":{"line":515,"column":null}},"type":"binary-expr","locations":[{"start":{"line":515,"column":37},"end":{"line":515,"column":72}},{"start":{"line":515,"column":72},"end":{"line":515,"column":null}}],"line":515},"63":{"loc":{"start":{"line":552,"column":6},"end":{"line":555,"column":null}},"type":"if","locations":[{"start":{"line":552,"column":6},"end":{"line":555,"column":null}},{"start":{},"end":{}}],"line":552},"64":{"loc":{"start":{"line":554,"column":37},"end":{"line":554,"column":null}},"type":"binary-expr","locations":[{"start":{"line":554,"column":37},"end":{"line":554,"column":74}},{"start":{"line":554,"column":74},"end":{"line":554,"column":null}}],"line":554}},"s":{"0":0,"1":0,"2":0,"3":0,"4":0,"5":0,"6":0,"7":0,"8":0,"9":0,"10":0,"11":0,"12":0,"13":0,"14":0,"15":0,"16":0,"17":0,"18":0,"19":0,"20":0,"21":0,"22":0,"23":0,"24":0,"25":0,"26":0,"27":0,"28":0,"29":0,"30":0,"31":0,"32":0,"33":0,"34":0,"35":0,"36":0,"37":0,"38":0,"39":0,"40":0,"41":0,"42":0,"43":0,"44":0,"45":0,"46":2,"47":0,"48":0,"49":0,"50":0,"51":0,"52":0,"53":0,"54":0,"55":0,"56":0,"57":0,"58":0,"59":0,"60":0,"61":0,"62":2,"63":0,"64":0,"65":0,"66":0,"67":0,"68":0,"69":0,"70":0,"71":0,"72":0,"73":0,"74":0,"75":0,"76":0,"77":0,"78":0,"79":0,"80":0,"81":0,"82":0,"83":0,"84":0,"85":0,"86":0,"87":0,"88":0,"89":0,"90":0,"91":0,"92":0,"93":2,"94":0,"95":0,"96":0,"97":0,"98":0,"99":0,"100":0,"101":0,"102":2,"103":0,"104":0,"105":0,"106":0,"107":0,"108":0,"109":0,"110":0,"111":0,"112":0,"113":0,"114":0,"115":0,"116":0,"117":0,"118":0,"119":0,"120":0,"121":0,"122":0,"123":0,"124":0,"125":0,"126":0,"127":0,"128":0,"129":0,"130":0,"131":0,"132":2,"133":0,"134":0,"135":0,"136":0,"137":0,"138":0,"139":0,"140":0,"141":0,"142":0,"143":0,"144":0,"145":0,"146":0,"147":0,"148":0,"149":0,"150":0,"151":0,"152":0,"153":0,"154":0,"155":0,"156":0,"157":0,"158":0,"159":0,"160":2,"161":0,"162":0,"163":0,"164":0,"165":0,"166":0,"167":0,"168":0},"f":{"0":0,"1":0,"2":0,"3":0,"4":0,"5":2,"6":0,"7":0,"8":0,"9":0,"10":0,"11":0,"12":0,"13":0,"14":0,"15":0,"16":0,"17":0},"b":{"0":[0,0],"1":[0,0],"2":[0,0],"3":[0,0],"4":[0,0],"5":[0,0],"6":[0,0],"7":[0,0],"8":[0,0],"9":[0,0],"10":[0,0],"11":[0,0],"12":[0,0],"13":[0,0],"14":[0,0],"15":[0,0],"16":[0,0],"17":[0,0],"18":[0,0,0],"19":[0,0],"20":[0,0],"21":[0,0],"22":[0,0],"23":[0,0],"24":[0,0],"25":[0,0],"26":[0,0],"27":[0,0],"28":[0,0],"29":[0,0],"30":[0,0],"31":[0,0],"32":[0,0],"33":[0,0],"34":[0,0],"35":[0,0],"36":[0,0],"37":[0,0],"38":[0,0],"39":[0,0],"40":[0,0],"41":[0,0],"42":[0,0],"43":[0,0],"44":[0,0],"45":[0,0],"46":[0,0],"47":[0,0],"48":[0,0],"49":[0,0],"50":[0,0],"51":[0,0,0],"52":[0,0],"53":[0,0],"54":[0,0],"55":[0,0],"56":[0,0],"57":[0,0],"58":[0,0],"59":[0,0],"60":[0,0],"61":[0,0],"62":[0,0],"63":[0,0],"64":[0,0]},"meta":{"lastBranch":65,"lastFunction":18,"lastStatement":169,"seen":{"f:19:15:19:32":0,"s:20:17:20:53":0,"s:21:2:24:Infinity":1,"b:23:4:23:14:23:14:23:Infinity":0,"f:27:9:27:24":1,"b:28:2:28:Infinity:undefined:undefined:undefined:undefined":1,"s:28:2:28:Infinity":2,"s:28:17:28:Infinity":3,"s:30:16:31:Infinity":4,"b:33:2:33:Infinity:undefined:undefined:undefined:undefined":2,"s:33:2:33:Infinity":5,"s:33:14:33:Infinity":6,"s:34:26:34:28":7,"b:35:2:35:Infinity:undefined:undefined:undefined:undefined":3,"s:35:2:35:Infinity":8,"s:35:16:35:Infinity":9,"b:36:2:36:Infinity:undefined:undefined:undefined:undefined":4,"s:36:2:36:Infinity":10,"s:36:16:36:Infinity":11,"b:37:2:37:Infinity:undefined:undefined:undefined:undefined":5,"s:37:2:37:Infinity":12,"s:37:16:37:Infinity":13,"b:38:2:38:Infinity:undefined:undefined:undefined:undefined":6,"s:38:2:38:Infinity":14,"s:38:16:38:Infinity":15,"s:39:2:39:Infinity":16,"b:39:9:39:24:39:28:39:Infinity":7,"f:42:9:42:21":2,"s:43:26:43:28":17,"s:44:2:44:Infinity":18,"b:44:23:44:38:44:38:44:53":8,"s:45:2:45:Infinity":19,"b:47:2:52:Infinity:49:9:52:Infinity":9,"s:47:2:52:Infinity":20,"s:48:4:48:Infinity":21,"s:50:15:50:Infinity":22,"b:50:32:50:57:50:57:50:Infinity":10,"s:51:4:51:Infinity":23,"s:52:4:52:Infinity":24,"b:55:2:56:Infinity:undefined:undefined:undefined:undefined":11,"s:55:2:56:Infinity":25,"s:56:4:56:Infinity":26,"b:59:2:60:Infinity:undefined:undefined:undefined:undefined":12,"s:59:2:60:Infinity":27,"b:59:6:59:22:59:22:59:52":13,"s:60:4:60:Infinity":28,"b:63:2:68:Infinity:undefined:undefined:undefined:undefined":14,"s:63:2:68:Infinity":29,"s:64:17:66:22":30,"f:65:7:65:12":3,"s:65:41:65:65":31,"b:65:41:65:51:65:51:65:65":15,"b:67:4:68:Infinity:undefined:undefined:undefined:undefined":16,"s:67:4:68:Infinity":32,"s:68:6:68:Infinity":33,"b:72:2:82:Infinity:undefined:undefined:undefined:undefined":17,"s:72:2:82:Infinity":34,"s:73:18:80:Infinity":35,"f:74:7:74:12":4,"s:75:21:75:Infinity":36,"b:75:21:75:31:75:31:75:42:75:42:75:Infinity":18,"s:76:23:78:Infinity":37,"b:77:12:77:Infinity:78:12:78:Infinity":19,"s:79:8:79:Infinity":38,"b:81:4:82:Infinity:undefined:undefined:undefined:undefined":20,"s:81:4:82:Infinity":39,"s:82:6:82:Infinity":40,"b:86:2:87:Infinity:undefined:undefined:undefined:undefined":21,"s:86:2:87:Infinity":41,"b:86:6:86:31:86:31:86:65":22,"s:87:4:87:Infinity":42,"b:90:2:91:Infinity:undefined:undefined:undefined:undefined":23,"s:90:2:91:Infinity":43,"b:90:6:90:30:90:30:90:63":24,"s:91:4:91:Infinity":44,"s:94:2:94:Infinity":45,"f:97:16:97:Infinity":5,"s:101:2:138:Infinity":46,"f:105:4:105:16":6,"s:106:24:106:51":47,"s:107:20:107:50":48,"s:109:23:111:Infinity":49,"s:114:23:114:Infinity":50,"s:115:25:115:55":51,"b:115:25:115:53:115:53:115:55":25,"b:117:6:120:Infinity:undefined:undefined:undefined:undefined":26,"s:117:6:120:Infinity":52,"s:118:8:120:Infinity":53,"s:123:21:124:Infinity":54,"f:123:36:123:Infinity":7,"s:124:18:124:75":55,"b:124:18:124:47:124:47:124:75":27,"s:127:20:132:Infinity":56,"f:127:27:127:32":8,"s:128:22:128:Infinity":57,"b:128:34:128:54:128:54:128:Infinity":28,"s:129:24:129:Infinity":58,"b:129:40:129:45:129:45:129:Infinity":29,"s:130:19:130:Infinity":59,"b:130:34:130:67:130:67:130:Infinity":30,"s:131:8:131:Infinity":60,"s:134:6:136:Infinity":61,"s:140:2:239:Infinity":62,"f:172:4:172:11":9,"s:173:24:173:51":63,"s:174:20:174:50":64,"s:176:46:176:48":65,"b:177:6:177:Infinity:undefined:undefined:undefined:undefined":31,"s:177:6:177:Infinity":66,"s:177:22:177:Infinity":67,"b:178:6:178:Infinity:undefined:undefined:undefined:undefined":32,"s:178:6:178:Infinity":68,"s:178:17:178:Infinity":69,"b:179:6:179:Infinity:undefined:undefined:undefined:undefined":33,"s:179:6:179:Infinity":70,"s:179:18:179:Infinity":71,"b:180:6:180:Infinity:undefined:undefined:undefined:undefined":34,"s:180:6:180:Infinity":72,"s:180:17:180:Infinity":73,"s:182:26:182:46":74,"s:183:26:183:Infinity":75,"s:185:23:195:Infinity":76,"s:198:26:199:Infinity":77,"f:198:51:198:Infinity":10,"s:199:20:199:Infinity":78,"b:201:6:204:Infinity:undefined:undefined:undefined:undefined":35,"s:201:6:204:Infinity":79,"s:202:8:204:Infinity":80,"s:207:22:207:67":81,"b:207:22:207:65:207:65:207:67":36,"b:208:6:216:Infinity:undefined:undefined:undefined:undefined":37,"s:208:6:216:Infinity":82,"s:209:8:216:Infinity":83,"s:220:6:220:Infinity":84,"f:220:13:220:19":11,"s:220:28:220:58":85,"s:222:28:223:Infinity":86,"f:222:53:222:Infinity":12,"s:223:20:223:Infinity":87,"s:226:9:226:Infinity":88,"b:226:9:226:48:226:48:226:Infinity":38,"s:228:21:228:Infinity":89,"b:228:69:228:105:228:105:228:108":39,"s:229:20:230:Infinity":90,"f:229:27:229:Infinity":13,"s:230:22:230:Infinity":91,"s:233:6:237:Infinity":92,"s:241:2:267:Infinity":93,"f:247:4:247:11":14,"s:248:24:248:51":94,"s:249:20:249:50":95,"s:251:23:253:Infinity":96,"s:256:23:256:Infinity":97,"s:257:22:257:57":98,"b:257:22:257:55:257:55:257:57":40,"b:259:6:260:Infinity:undefined:undefined:undefined:undefined":41,"s:259:6:260:Infinity":99,"s:260:8:260:Infinity":100,"s:263:6:265:Infinity":101,"s:269:2:426:Infinity":102,"f:330:4:330:11":15,"s:344:24:344:51":103,"s:345:20:345:50":104,"s:347:49:354:Infinity":105,"b:356:6:356:Infinity:undefined:undefined:undefined:undefined":42,"s:356:6:356:Infinity":106,"s:356:20:356:Infinity":107,"b:357:6:357:Infinity:undefined:undefined:undefined:undefined":43,"s:357:6:357:Infinity":108,"s:357:20:357:Infinity":109,"b:358:6:358:Infinity:undefined:undefined:undefined:undefined":44,"s:358:6:358:Infinity":110,"s:358:23:358:Infinity":111,"b:360:6:363:Infinity:undefined:undefined:undefined:undefined":45,"s:360:6:363:Infinity":112,"s:361:8:363:Infinity":113,"b:366:6:379:Infinity:undefined:undefined:undefined:undefined":46,"s:366:6:379:Infinity":114,"b:366:10:366:26:366:26:366:51":47,"s:367:72:367:74":115,"s:368:8:377:Infinity":116,"s:368:21:368:24":117,"s:369:20:369:Infinity":118,"s:370:10:377:Infinity":119,"b:372:18:372:28:372:28:372:Infinity":48,"s:379:8:379:Infinity":120,"b:382:6:394:Infinity:undefined:undefined:undefined:undefined":49,"s:382:6:394:Infinity":121,"s:383:8:383:Infinity":122,"s:384:8:394:Infinity":123,"s:397:23:399:Infinity":124,"s:402:23:402:Infinity":125,"s:403:22:403:Infinity":126,"b:407:6:414:Infinity:undefined:undefined:undefined:undefined":50,"s:407:6:414:Infinity":127,"s:408:27:408:Infinity":128,"s:411:22:411:Infinity":129,"s:412:8:414:Infinity":130,"b:413:37:413:59:413:59:413:74:413:74:413:Infinity":51,"s:417:6:424:Infinity":131,"s:428:2:528:Infinity":132,"f:462:4:462:11":16,"s:473:24:473:51":133,"s:474:20:474:50":134,"s:476:45:476:47":135,"b:477:6:477:Infinity:undefined:undefined:undefined:undefined":52,"s:477:6:477:Infinity":136,"s:477:31:477:Infinity":137,"b:478:6:478:Infinity:undefined:undefined:undefined:undefined":53,"s:478:6:478:Infinity":138,"s:478:31:478:Infinity":139,"b:479:6:479:Infinity:undefined:undefined:undefined:undefined":54,"s:479:6:479:Infinity":140,"s:479:34:479:Infinity":141,"b:480:6:480:Infinity:undefined:undefined:undefined:undefined":55,"s:480:6:480:Infinity":142,"s:480:34:480:Infinity":143,"b:481:6:481:Infinity:undefined:undefined:undefined:undefined":56,"s:481:6:481:Infinity":144,"s:481:37:481:Infinity":145,"b:482:6:482:Infinity:undefined:undefined:undefined:undefined":57,"s:482:6:482:Infinity":146,"s:482:32:482:Infinity":147,"b:483:6:484:Infinity:undefined:undefined:undefined:undefined":58,"s:483:6:484:Infinity":148,"s:484:8:484:Infinity":149,"b:486:6:489:Infinity:undefined:undefined:undefined:undefined":59,"s:486:6:489:Infinity":150,"s:487:8:489:Infinity":151,"b:492:6:497:Infinity:undefined:undefined:undefined:undefined":60,"s:492:6:497:Infinity":152,"s:493:8:497:Infinity":153,"s:500:23:506:Infinity":154,"s:509:23:509:Infinity":155,"s:510:25:510:Infinity":156,"b:513:6:516:Infinity:undefined:undefined:undefined:undefined":61,"s:513:6:516:Infinity":157,"s:514:8:516:Infinity":158,"b:515:37:515:72:515:72:515:Infinity":62,"s:519:6:526:Infinity":159,"s:530:2:567:Infinity":160,"f:538:4:538:11":17,"s:539:24:539:51":161,"s:540:20:540:50":162,"s:542:23:544:Infinity":163,"s:547:23:547:Infinity":164,"s:548:27:548:Infinity":165,"b:552:6:555:Infinity:undefined:undefined:undefined:undefined":63,"s:552:6:555:Infinity":166,"s:553:8:555:Infinity":167,"b:554:37:554:74:554:74:554:Infinity":64,"s:558:6:565:Infinity":168}}}
,"/home/runner/work/claude-fastmail-connector/claude-fastmail-connector/src/tools/contacts.ts": {"path":"/home/runner/work/claude-fastmail-connector/claude-fastmail-connector/src/tools/contacts.ts","statementMap":{"0":{"start":{"line":18,"column":21},"end":{"line":18,"column":57}},"1":{"start":{"line":19,"column":2},"end":{"line":22,"column":null}},"2":{"start":{"line":26,"column":26},"end":{"line":26,"column":28}},"3":{"start":{"line":29,"column":15},"end":{"line":29,"column":null}},"4":{"start":{"line":30,"column":2},"end":{"line":36,"column":null}},"5":{"start":{"line":32,"column":6},"end":{"line":35,"column":18}},"6":{"start":{"line":36,"column":4},"end":{"line":36,"column":null}},"7":{"start":{"line":36,"column":18},"end":{"line":36,"column":null}},"8":{"start":{"line":39,"column":2},"end":{"line":39,"column":null}},"9":{"start":{"line":42,"column":2},"end":{"line":47,"column":null}},"10":{"start":{"line":43,"column":18},"end":{"line":45,"column":22}},"11":{"start":{"line":44,"column":18},"end":{"line":44,"column":25}},"12":{"start":{"line":46,"column":4},"end":{"line":47,"column":null}},"13":{"start":{"line":47,"column":6},"end":{"line":47,"column":null}},"14":{"start":{"line":52,"column":2},"end":{"line":57,"column":null}},"15":{"start":{"line":53,"column":22},"end":{"line":55,"column":22}},"16":{"start":{"line":54,"column":18},"end":{"line":54,"column":25}},"17":{"start":{"line":56,"column":4},"end":{"line":57,"column":null}},"18":{"start":{"line":57,"column":6},"end":{"line":57,"column":null}},"19":{"start":{"line":62,"column":2},"end":{"line":74,"column":null}},"20":{"start":{"line":63,"column":17},"end":{"line":72,"column":null}},"21":{"start":{"line":64,"column":30},"end":{"line":64,"column":32}},"22":{"start":{"line":65,"column":6},"end":{"line":65,"column":null}},"23":{"start":{"line":65,"column":18},"end":{"line":65,"column":null}},"24":{"start":{"line":66,"column":6},"end":{"line":69,"column":null}},"25":{"start":{"line":67,"column":8},"end":{"line":69,"column":null}},"26":{"start":{"line":68,"column":32},"end":{"line":68,"column":39}},"27":{"start":{"line":71,"column":6},"end":{"line":71,"column":null}},"28":{"start":{"line":73,"column":19},"end":{"line":73,"column":50}},"29":{"start":{"line":74,"column":4},"end":{"line":74,"column":null}},"30":{"start":{"line":74,"column":16},"end":{"line":74,"column":null}},"31":{"start":{"line":78,"column":2},"end":{"line":83,"column":null}},"32":{"start":{"line":79,"column":22},"end":{"line":80,"column":null}},"33":{"start":{"line":80,"column":22},"end":{"line":80,"column":null}},"34":{"start":{"line":82,"column":4},"end":{"line":83,"column":null}},"35":{"start":{"line":83,"column":6},"end":{"line":83,"column":null}},"36":{"start":{"line":88,"column":2},"end":{"line":93,"column":null}},"37":{"start":{"line":89,"column":22},"end":{"line":90,"column":null}},"38":{"start":{"line":90,"column":22},"end":{"line":90,"column":null}},"39":{"start":{"line":92,"column":4},"end":{"line":93,"column":null}},"40":{"start":{"line":93,"column":6},"end":{"line":93,"column":null}},"41":{"start":{"line":98,"column":2},"end":{"line":108,"column":null}},"42":{"start":{"line":99,"column":4},"end":{"line":108,"column":null}},"43":{"start":{"line":100,"column":20},"end":{"line":106,"column":23}},"44":{"start":{"line":107,"column":6},"end":{"line":108,"column":null}},"45":{"start":{"line":108,"column":8},"end":{"line":108,"column":null}},"46":{"start":{"line":114,"column":2},"end":{"line":117,"column":null}},"47":{"start":{"line":115,"column":4},"end":{"line":117,"column":null}},"48":{"start":{"line":116,"column":20},"end":{"line":116,"column":null}},"49":{"start":{"line":117,"column":6},"end":{"line":117,"column":null}},"50":{"start":{"line":122,"column":2},"end":{"line":123,"column":null}},"51":{"start":{"line":123,"column":4},"end":{"line":123,"column":null}},"52":{"start":{"line":126,"column":2},"end":{"line":126,"column":null}},"53":{"start":{"line":133,"column":2},"end":{"line":170,"column":null}},"54":{"start":{"line":138,"column":24},"end":{"line":138,"column":51}},"55":{"start":{"line":13
[...]
y:undefined:undefined:undefined:undefined":52,"s:363:6:363:Infinity":136,"s:363:26:363:Infinity":137,"s:365:51:373:Infinity":138,"s:375:55:376:Infinity":139,"b:378:6:380:Infinity:undefined:undefined:undefined:undefined":53,"s:378:6:380:Infinity":140,"s:379:8:379:Infinity":141,"s:380:8:380:Infinity":142,"s:383:23:390:8":143,"s:392:33:393:Infinity":144,"f:392:58:392:Infinity":18,"s:393:20:393:Infinity":145,"b:395:6:401:Infinity:undefined:undefined:undefined:undefined":54,"s:395:6:401:Infinity":146,"s:396:28:396:Infinity":147,"s:397:27:397:Infinity":148,"b:398:8:401:Infinity:undefined:undefined:undefined:undefined":55,"s:398:8:401:Infinity":149,"s:399:10:401:Infinity":150,"b:400:40:400:71:400:71:400:Infinity":56,"s:405:6:412:Infinity":151,"s:416:2:476:Infinity":152,"f:430:4:430:11":19,"s:431:24:431:51":153,"s:432:23:432:64":154,"s:433:28:433:68":155,"b:435:6:436:Infinity:undefined:undefined:undefined:undefined":57,"s:435:6:436:Infinity":156,"s:436:8:436:Infinity":157,"s:439:51:447:Infinity":158,"b:449:6:449:Infinity:undefined:undefined:undefined:undefined":58,"s:449:6:449:Infinity":159,"s:449:14:449:Infinity":160,"b:450:6:450:Infinity:undefined:undefined:undefined:undefined":59,"s:450:6:450:Infinity":161,"s:450:15:450:Infinity":162,"s:452:23:454:8":163,"s:456:23:456:Infinity":164,"s:457:22:457:Infinity":165,"b:459:6:464:Infinity:undefined:undefined:undefined:undefined":60,"s:459:6:464:Infinity":166,"s:460:27:460:Infinity":167,"s:461:22:461:Infinity":168,"s:462:8:464:Infinity":169,"b:463:37:463:59:463:59:463:74:463:74:463:Infinity":61,"s:467:6:474:Infinity":170,"s:478:2:563:Infinity":171,"f:488:4:488:11":20,"s:489:24:489:51":172,"s:492:28:494:8":173,"s:495:28:495:Infinity":174,"s:496:22:496:54":175,"b:496:22:496:52:496:52:496:54":62,"b:498:6:499:Infinity:undefined:undefined:undefined:undefined":63,"s:498:6:499:Infinity":176,"s:499:8:499:Infinity":177,"s:502:20:502:Infinity":178,"b:505:6:506:Infinity:undefined:undefined:undefined:undefined":64,"s:505:6:506:Infinity":179,"s:506:8:506:Infinity":180,"s:510:24:510:Infinity":181,"s:511:23:511:75":182,"s:513:26:513:64":183,"s:516:55:517:Infinity":184,"b:519:6:525:Infinity:undefined:undefined:undefined:undefined":65,"s:519:6:525:Infinity":185,"s:521:34:521:69":186,"b:521:46:521:66:521:66:521:68":66,"s:522:8:523:Infinity":187,"s:523:10:523:Infinity":188,"s:525:8:525:Infinity":189,"s:528:23:534:8":190,"s:536:33:537:Infinity":191,"f:536:58:536:Infinity":21,"s:537:20:537:Infinity":192,"b:539:6:545:Infinity:undefined:undefined:undefined:undefined":67,"s:539:6:545:Infinity":193,"s:540:28:540:Infinity":194,"s:541:27:541:Infinity":195,"b:542:8:545:Infinity:undefined:undefined:undefined:undefined":68,"s:542:8:545:Infinity":196,"s:543:10:545:Infinity":197,"b:544:37:544:68:544:68:544:Infinity":69,"s:549:25:551:Infinity":198,"b:550:12:550:40:550:44:550:46":70,"b:551:12:551:40:551:44:551:46":71,"s:554:6:561:Infinity":199,"b:558:48:558:69:558:73:558:Infinity":72}}}
,"/home/runner/work/claude-fastmail-connector/claude-fastmail-connector/src/tools/identity.ts": {"path":"/home/runner/work/claude-fastmail-connector/claude-fastmail-connector/src/tools/identity.ts","statementMap":{"0":{"start":{"line":7,"column":2},"end":{"line":35,"column":null}},"1":{"start":{"line":12,"column":24},"end":{"line":12,"column":51}},"2":{"start":{"line":13,"column":23},"end":{"line":13,"column":69}},"3":{"start":{"line":15,"column":23},"end":{"line":15,"column":null}},"4":{"start":{"line":16,"column":26},"end":{"line":16,"column":56}},"5":{"start":{"line":18,"column":6},"end":{"line":19,"column":null}},"6":{"start":{"line":19,"column":8},"end":{"line":19,"column":null}},"7":{"start":{"line":22,"column":20},"end":{"line":29,"column":null}},"8":{"start":{"line":23,"column":21},"end":{"line":23,"column":null}},"9":{"start":{"line":25,"column":10},"end":{"line":27,"column":null}},"10":{"start":{"line":26,"column":51},"end":{"line":26,"column":59}},"11":{"start":{"line":28,"column":8},"end":{"line":28,"column":null}},"12":{"start":{"line":31,"column":6},"end":{"line":33,"column":null}}},"fnMap":{"0":{"name":"registerIdentityTools","decl":{"start":{"line":6,"column":16},"end":{"line":6,"column":38}},"loc":{"start":{"line":6,"column":83},"end":{"line":35,"column":null}},"line":6},"1":{"name":"(anonymous_1)","decl":{"start":{"line":11,"column":4},"end":{"line":11,"column":16}},"loc":{"start":{"line":11,"column":16},"end":{"line":35,"column":null}},"line":11},"2":{"name":"(anonymous_2)","decl":{"start":{"line":22,"column":31},"end":{"line":22,"column":36}},"loc":{"start":{"line":22,"column":43},"end":{"line":29,"column":null}},"line":22},"3":{"name":"(anonymous_3)","decl":{"start":{"line":26,"column":40},"end":{"line":26,"column":45}},"loc":{"start":{"line":26,"column":51},"end":{"line":26,"column":59}},"line":26}},"branchMap":{"0":{"loc":{"start":{"line":16,"column":26},"end":{"line":16,"column":56}},"type":"binary-expr","locations":[{"start":{"line":16,"column":26},"end":{"line":16,"column":54}},{"start":{"line":16,"column":54},"end":{"line":16,"column":56}}],"line":16},"1":{"loc":{"start":{"line":18,"column":6},"end":{"line":19,"column":null}},"type":"if","locations":[{"start":{"line":18,"column":6},"end":{"line":19,"column":null}},{"start":{},"end":{}}],"line":18},"2":{"loc":{"start":{"line":23,"column":21},"end":{"line":23,"column":null}},"type":"cond-expr","locations":[{"start":{"line":23,"column":31},"end":{"line":23,"column":47}},{"start":{"line":23,"column":47},"end":{"line":23,"column":null}}],"line":23},"3":{"loc":{"start":{"line":25,"column":10},"end":{"line":27,"column":null}},"type":"cond-expr","locations":[{"start":{"line":26,"column":14},"end":{"line":26,"column":null}},{"start":{"line":27,"column":14},"end":{"line":27,"column":null}}],"line":25},"4":{"loc":{"start":{"line":25,"column":10},"end":{"line":25,"column":null}},"type":"binary-expr","locations":[{"start":{"line":25,"column":10},"end":{"line":25,"column":24}},{"start":{"line":25,"column":24},"end":{"line":25,"column":null}}],"line":25}},"s":{"0":2,"1":0,"2":0,"3":0,"4":0,"5":0,"6":0,"7":0,"8":0,"9":0,"10":0,"11":0,"12":0},"f":{"0":2,"1":0,"2":0,"3":0},"b":{"0":[0,0],"1":[0,0],"2":[0,0],"3":[0,0],"4":[0,0]},"meta":{"lastBranch":5,"lastFunction":4,"lastStatement":13,"seen":{"f:6:16:6:38":0,"s:7:2:35:Infinity":0,"f:11:4:11:16":1,"s:12:24:12:51":1,"s:13:23:13:69":2,"s:15:23:15:Infinity":3,"s:16:26:16:56":4,"b:16:26:16:54:16:54:16:56":0,"b:18:6:19:Infinity:undefined:undefined:undefined:undefined":1,"s:18:6:19:Infinity":5,"s:19:8:19:Infinity":6,"s:22:20:29:Infinity":7,"f:22:31:22:36":2,"s:23:21:23:Infinity":8,"b:23:31:23:47:23:47:23:Infinity":2,"s:25:10:27:Infinity":9,"b:26:14:26:Infinity:27:14:27:Infinity":3,"b:25:10:25:24:25:24:25:Infinity":4,"f:26:40:26:45":3,"s:26:51:26:59":10,"s:28:8:28:Infinity":11,"s:31:6:33:Infinity":12}}}
,"/home/runner/work/claude-fastmail-connector/claude-fastmail-connector/src/tools/mailbox.ts": {"path":"/home/runner/work/claude-fastmail-connector/claude-fastmail-connector/src/tools/mailbox.ts","statementMap":{"0":{"start":{"line":8,"column":2},"end":{"line":48,"column":null}},"1":{"start":{"line":13,"column":24},"end":{"line":13,"column":51}},"2":{"start":{"line":14,"column":23},"end":{"line":14,"column":68}},"3":{"start":{"line":16,"column":23},"end":{"line":16,"column":null}},"4":{"start":{"line":17,"column":25},"end":{"line":17,"column":54}},"5":{"start":{"line":19,"column":6},"end":{"line":20,"column":null}},"6":{"start":{"line":20,"column":8},"end":{"line":20,"column":null}},"7":{"start":{"line":24,"column":19},"end":{"line":24,"column":59}},"8":{"start":{"line":24,"column":48},"end":{"line":24,"column":57}},"9":{"start":{"line":25,"column":30},"end":{"line":25,"column":32}},"10":{"start":{"line":28,"column":21},"end":{"line":32,"column":null}},"11":{"start":{"line":29,"column":8},"end":{"line":29,"column":null}},"12":{"start":{"line":29,"column":31},"end":{"line":29,"column":null}},"13":{"start":{"line":30,"column":8},"end":{"line":30,"column":null}},"14":{"start":{"line":30,"column":31},"end":{"line":30,"column":null}},"15":{"start":{"line":31,"column":8},"end":{"line":31,"column":null}},"16":{"start":{"line":34,"column":6},"end":{"line":41,"column":null}},"17":{"start":{"line":35,"column":23},"end":{"line":35,"column":null}},"18":{"start":{"line":36,"column":21},"end":{"line":36,"column":null}},"19":{"start":{"line":37,"column":23},"end":{"line":37,"column":null}},"20":{"start":{"line":38,"column":23},"end":{"line":38,"column":null}},"21":{"start":{"line":39,"column":8},"end":{"line":41,"column":null}},"22":{"start":{"line":44,"column":6},"end":{"line":46,"column":null}},"23":{"start":{"line":50,"column":2},"end":{"line":91,"column":null}},"24":{"start":{"line":61,"column":24},"end":{"line":61,"column":51}},"25":{"start":{"line":62,"column":69},"end":{"line":62,"column":77}},"26":{"start":{"line":63,"column":6},"end":{"line":64,"column":null}},"27":{"start":{"line":64,"column":8},"end":{"line":64,"column":null}},"28":{"start":{"line":67,"column":23},"end":{"line":69,"column":8}},"29":{"start":{"line":71,"column":23},"end":{"line":71,"column":null}},"30":{"start":{"line":72,"column":22},"end":{"line":72,"column":null}},"31":{"start":{"line":74,"column":6},"end":{"line":79,"column":null}},"32":{"start":{"line":75,"column":27},"end":{"line":75,"column":null}},"33":{"start":{"line":76,"column":22},"end":{"line":76,"column":null}},"34":{"start":{"line":77,"column":8},"end":{"line":79,"column":null}},"35":{"start":{"line":82,"column":6},"end":{"line":89,"column":null}},"36":{"start":{"line":93,"column":2},"end":{"line":129,"column":null}},"37":{"start":{"line":101,"column":24},"end":{"line":101,"column":51}},"38":{"start":{"line":103,"column":23},"end":{"line":107,"column":8}},"39":{"start":{"line":109,"column":23},"end":{"line":109,"column":null}},"40":{"start":{"line":110,"column":25},"end":{"line":110,"column":null}},"41":{"start":{"line":114,"column":6},"end":{"line":117,"column":null}},"42":{"start":{"line":115,"column":8},"end":{"line":117,"column":null}},"43":{"start":{"line":120,"column":6},"end":{"line":127,"column":null}},"44":{"start":{"line":131,"column":2},"end":{"line":176,"column":null}},"45":{"start":{"line":145,"column":24},"end":{"line":145,"column":51}},"46":{"start":{"line":147,"column":49},"end":{"line":147,"column":51}},"47":{"start":{"line":148,"column":6},"end":{"line":149,"column":null}},"48":{"start":{"line":149,"column":8},"end":{"line":149,"column":null}},"49":{"start":{"line":152,"column":23},"end":{"line":154,"column":8}},"50":{"start":{"line":156,"column":23},"end":{"line":156,"column":null}},"51":{"start":{"line":157,"column":27},"end":{"line":157,"column":null}},"52":{"start":{"line":161,"column":6},"end":{"line":164,"column":null}},"53":{"start":{"line":162,"column":8},"end":{"line":164,"column":null}},"54":{"start":{"line":167,"column":6},"end":{"line":174,"column":null}}},"fnMap":{"0":{"name":"registerMailboxTools","decl":{"start":{"line":7,"column":16},"end":{"line":7,"column":37}},"loc":{"start":{"line":7,"column":82},"end":{"line":176,"column":null}},"line":7},"1":{"name":"(anonymous_1)","decl":{"start":{"line":12,"column":4},"end":{"line":12,"column":16}},"loc":{"start":{"line":12,"column":16},"end":{"line":48,"column":null}},"line":12},"2":{"name":"(anonymous_2)","decl":{"start":{"line":24,"column":37},"end":{"line":24,"column":42}},"loc":{"start":{"line":24,"column":48},"end":{"line":24,"column":57}},"line":24},"3":{"name":"(anonymous_3)","decl":{"start":{"line":28,"column":36},"end":{"line":28,"column":42}},"loc":{"start":{"line":28,"column":51},"end":{"line":32,"column":null}},"line":28},"4":{"name":"(anonymous_4)","decl":{"start":{"line":60,"column":4},"end":{"line":60,"column":11}},"loc":{"start":{"line":60,"column":34},"end":{"line":91,"column":null}},"line":60},"5":{"name":"(anonymous_5)","decl":{"start":{"line":100,"column":4},"end":{"line":100,"column":11}},"loc":{"start":{"line":100,"column":38},"end":{"line":129,"column":null}},"line":100},"6":{"name":"(anonymous_6)","decl":{"start":{"line":144,"column":4},"end":{"line":144,"column":11}},"loc":{"start":{"line":144,"column":36},"end":{"line":176,"column":null}},"line":144}},"branchMap":{"0":{"loc":{"start":{"line":17,"column":25},"end":{"line":17,"column":54}},"type":"binary-expr","locations":[{"start":{"line":17,"column":25},"end":{"line":17,"column":52}},{"start":{"line":17,"column":52},"end":{"line":17,"column":54}}],"line":17},"1":{"loc":{"start":{"line":19,"column":6},"end":{"line":20,"column":null}},"type":"if","locations":[{"start":{"line":19,"column":6},"end":{"line":20,"column":null}},{"start":{},"end":{}}],"line":19},"2":{"loc":{"start":{"line":29,"column":8},"end":{"line":29,"column":null}},"type":"if","locations":[{"start":{"line":29,"column":8},"end":{"line":29,"column":null}},{"start":{},"end":{}}],"line":29},"3":{"loc":{"start":{"line":29,"column":12},"end":{"line":29,"column":31}},"type":"binary-expr","locations":[{"start":{"line":29,"column":12},"end":{"line":29,"column":22}},{"start":{"line":29,"column":22},"end":{"line":29,"column":31}}],"line":29},"4":{"loc":{"start":{"line":30,"column":8},"end":{"line":30,"column":null}},"type":"if","locations":[{"start":{"line":30,"column":8},"end":{"line":30,"column":null}},{"start":{},"end":{}}],"line":30},"5":{"loc":{"start":{"line":30,"column":12},"end":{"line":30,"column":31}},"type":"binary-expr","locations":[{"start":{"line":30,"column":12},"end":{"line":30,"column":23}},{"start":{"line":30,"column":23},"end":{"line":30,"column":31}}],"line":30},"6":{"loc":{"start":{"line":31,"column":15},"end":{"line":31,"column":72}},"type":"binary-expr","locations":[{"start":{"line":31,"column":15},"end":{"line":31,"column":44}},{"start":{"line":31,"column":44},"end":{"line":31,"column":72}}],"line":31},"7":{"loc":{"start":{"line":35,"column":23},"end":{"line":35,"column":null}},"type":"cond-expr","locations":[{"start":{"line":35,"column":37},"end":{"line":35,"column":44}},{"start":{"line":35,"column":44},"end":{"line":35,"column":null}}],"line":35},"8":{"loc":{"start":{"line":36,"column":21},"end":{"line":36,"column":null}},"type":"cond-expr","locations":[{"start":{"line":36,"column":31},"end":{"line":36,"column":49}},{"start":{"line":36,"column":49},"end":{"line":36,"column":null}}],"line":36},"9":{"loc":{"start":{"line":37,"column":23},"end":{"line":37,"column":null}},"type":"cond-expr","locations":[{"start":{"line":37,"column":45},"end":{"line":37,"column":77}},{"start":{"line":37,"column":77},"end":{"line":37,"column":null}}],"line":37},"10":{"loc":{"start":{"line":38,"column":23},"end":{"line":38,"column":null}},"type":"cond-expr","locations":[{"start":{"line":38,"column":37},"end":{"line":38,"column":98}},{"start":{"line":38,"column":98},"end":{"line":38,"column":null}}],"line":38},"11":{"loc":{"start":{"line":38,"column":50},"end":{"line":38,"column":93}},"type":"binary-expr","locations":[{"start":{"line":38,"column":50},"end":{"line":38,"column":81}},{"start":{"line":38,"column":81},"end":{"line":38,"column":93}}],"line":38},"12":{"loc":{"start":{"line":63,"column":6},"end":{"line":64,"column":null}},"type":"if","locations":[{"start":{"line":63,"column":6},"end":{"line":64,"column":null}},{"start":{},"end":{}}],"line":63},"13":{"loc":{"start":{"line":74,"column":6},"end":{"line":79,"column":null}},"type":"if","locations":[{"start":{"line":74,"column":6},"end":{"line":79,"column":null}},{"start":{},"end":{}}],"line":74},"14":{"loc":{"start":{"line":78,"column":39},"end":{"line":78,"column":null}},"type":"binary-expr","locations":[{"start":{"line":78,"column":39},"end":{"line":78,"column":61}},{"start":{"line":78,"column":61},"end":{"line":78,"column":76}},{"start":{"line":78,"column":76},"end":{"line":78,"column":null}}],"line":78},"15":{"loc":{"start":{"line":114,"column":6},"end":{"line":117,"column":null}},"type":"if","locations":[{"start":{"line":114,"column":6},"end":{"line":117,"column":null}},{"start":{},"end":{}}],"line":114},"16":{"loc":{"start":{"line":116,"column":39},"end":{"line":116,"column":null}},"type":"binary-expr","locations":[{"start":{"line":116,"column":39},"end":{"line":116,"column":76}},{"start":{"line":116,"column":76},"end":{"line":116,"column":null}}],"line":116},"17":{"loc":{"start":{"line":148,"column":6},"end":{"line":149,"column":null}},"type":"if","locations":[{"start":{"line":148,"column":6},"end":{"line":149,"column":null}},{"start":{},"end":{}}],"line":148},"18":{"loc":{"start":{"line":161,"column":6},"end":{"line":164,"column":null}},"type":"if","locations":[{"start":{"line":161,"column":6},"end":{"line":164,"column":null}},{"start":{},"end":{}}],"line":161},"19":{"loc":{"start":{"line":163,"column":39},"end":{"line":163,"column":null}},"type":"binary-expr","locations":[{"start":{"line":163,"column":39},"end":{"line":163,"column":78}},{"start":{"line":163,"column":78},"end":{"line":163,"column":null}}],"line":163}},"s":{"0":2,"1":0,"2":0,"3":0,"4":0,"5":0,"6":0,"7":0,"8":0,"9":0,"10":0,"11":0,"12":0,"13":0,"14":0,"15":0,"16":0,"17":0,"18":0,"19":0,"20":0,"21":0,"22":0,"23":2,"24":0,"25":0,"26":0,"27":0,"28":0,"29":0,"30":0,"31":0,"32":0,"33":0,"34":0,"35":0,"36":2,"37":0,"38":0,"39":0,"40":0,"41":0,"42":0,"43":0,"44":2,"45":0,"46":0,"47":0,"48":0,"49":0,"50":0,"51":0,"52":0,"53":0,"54":0},"f":{"0":2,"1":0,"2":0,"3":0,"4":0,"5":0,"6":0},"b":{"0":[0,0],"1":[0,0],"2":[0,0],"3":[0,0],"4":[0,0],"5":[0,0],"6":[0,0],"7":[0,0],"8":[0,0],"9":[0,0],"10":[0,0],"11":[0,0],"12":[0,0],"13":[0,0],"14":[0,0,0],"15":[0,0],"16":[0,0],"17":[0,0],"18":[0,0],"19":[0,0]},"meta":{"lastBranch":20,"lastFunction":7,"lastStatement":55,"seen":{"f:7:16:7:37":0,"s:8:2:48:Infinity":0,"f:12:4:12:16":1,"s:13:24:13:51":1,"s:14:23:14:68":2,"s:16:23:16:Infinity":3,"s:17:25:17:54":4,"b:17:25:17:52:17:52:17:54":0,"b:19:6:20:Infinity:undefined:undefined:undefined:undefined":1,"s:19:6:20:Infinity":5,"s:20:8:20:Infinity":6,"s:24:19:24:59":7,"f:24:37:24:42":2,"s:24:48:24:57":8,"s:25:30:25:32":9,"s:28:21:32:Infinity":10,"f:28:36:28:42":3,"b:29:8:29:Infinity:undefined:undefined:undefined:undefined":2,"s:29:8:29:Infinity":11,"b:29:12:29:22:29:22:29:31":3,"s:29:31:29:Infinity":12,"b:30:8:30:Infinity:undefined:undefined:undefined:undefined":4,"s:30:8:30:Infinity":13,"b:30:12:30:23:30:23:30:31":5,"s:30:31:30:Infinity":14,"s:31:8:31:Infinity":15,"b:31:15:31:44:31:44:31:72":6,"s:34:6:41:Infinity":16,"s:35:23:35:Infinity":17,"b:35:37:35:44:35:44:35:Infinity":7,"s:36:21:36:Infinity":18,"b:36:31:36:49:36:49:36:Infinity":8,"s:37:23:37:Infinity":19,"b:37:45:37:77:37:77:37:Infinity":9,"s:38:23:38:Infinity":20,"b:38:37:38:98:38:98:38:Infinity":10,"b:38:50:38:81:38:81:38:93":11,"s:39:8:41:Infinity":21,"s:44:6:46:Infinity":22,"s:50:2:91:Infinity":23,"f:60:4:60:11":4,"s:61:24:61:51":24,"s:62:69:62:77":25,"b:63:6:64:Infinity:undefined:undefined:undefined:undefined":12,"s:63:6:64:Infinity":26,"s:64:8:64:Infinity":27,"s:67:23:69:8":28,"s:71:23:71:Infinity":29,"s:72:22:72:Infinity":30,"b:74:6:79:Infinity:undefined:undefined:undefined:undefined":13,"s:74:6:79:Infinity":31,"s:75:27:75:Infinity":32,"s:76:22:76:Infinity":33,"s:77:8:79:Infinity":34,"b:78:39:78:61:78:61:78:76:78:76:78:Infinity":14,"s:82:6:89:Infinity":35,"s:93:2:129:Infinity":36,"f:100:4:100:11":5,"s:101:24:101:51":37,"s:103:23:107:8":38,"s:109:23:109:Infinity":39,"s:110:25:110:Infinity":40,"b:114:6:117:Infinity:undefined:undefined:undefined:undefined":15,"s:114:6:117:Infinity":41,"s:115:8:117:Infinity":42,"b:116:39:116:76:116:76:116:Infinity":16,"s:120:6:127:Infinity":43,"s:131:2:176:Infinity":44,"f:144:4:144:11":6,"s:145:24:145:51":45,"s:147:49:147:51":46,"b:148:6:149:Infinity:undefined:undefined:undefined:undefined":17,"s:148:6:149:Infinity":47,"s:149:8:149:Infinity":48,"s:152:23:154:8":49,"s:156:23:156:Infinity":50,"s:157:27:157:Infinity":51,"b:161:6:164:Infinity:undefined:undefined:undefined:undefined":18,"s:161:6:164:Infinity":52,"s:162:8:164:Infinity":53,"b:163:39:163:78:163:78:163:Infinity":19,"s:167:6:174:Infinity":54}}}
}
